[env] Loaded /workspace/.env
[shm] /dev/shm free: 31.0 GB  →  cache dir: /dev/shm/hf_cache
Note: Environment variable`HF_TOKEN` is set and is the current active token independently from the token you've just configured.
[hf] Logged in to HuggingFace.
[install] pip install -e /workspace/lejepa-MLProject/stable-pretraining
  $ /workspace/jepa/bin/python -m pip install -q -e '/workspace/lejepa-MLProject/stable-pretraining'
WARNING: typer 0.25.1 does not provide the extra 'all'
============================================================
Phase 1 — LeJEPA Pretraining on ImageNet-1K (ViT-B/16)
============================================================
[DDP] Using MASTER_PORT=38453
[data] ImageNet-1K train: /workspace/imagenet/train
[data] ImageNet-1K val:   /workspace/imagenet/val
[data] train=1,527,212  val=50,000
20:43:16 | INFO  | module.py   | Setting up DataModule
20:43:16 | INFO  | utils.py    | ── Module ────────────────────────────────────────
20:43:16 | WARN  | module.py   | ! No hyperparameters provided - hyperparameter logging is disabled.
20:43:16 | INFO  | module.py   |   Setting custom forward method.
20:43:16 | WARN  | module.py   | ! You didn't pass a forward method. This will fail unless you implemented your own Module class.
20:43:16 | INFO  | module.py   |   No metrics configuration provided - automatic metric tracking is disabled.
20:43:17 | INFO  | utils.py    | ── Module ────────────────────────────────────────
20:43:17 | INFO  | module.py   |   Saving provided hyperparameters.
20:43:17 | INFO  | module.py   |   Setting custom forward method.
20:43:17 | INFO  | module.py   |   Setting attribute: self.model = <class 'stable_pretraining.methods.lejepa.LeJEPA'>
20:43:17 | INFO  | module.py   |   Setting attribute: self.optim = <class 'dict'>
20:43:17 | INFO  | module.py   |   No metrics configuration provided - automatic metric tracking is disabled.
20:43:17 | INFO  | utils.py    |   wrapping configure_model
20:43:17 | INFO  | utils.py    |   wrapping configure_optimizers
20:43:17 | INFO  | utils.py    | ── OnlineProbe ───────────────────────────────────
20:43:17 | INFO  | probe.py    |   name: inet_probe
20:43:17 | INFO  | probe.py    |   input: embedding
20:43:17 | INFO  | probe.py    |   target: label
20:43:17 | INFO  | probe.py    |   accumulate_grad_batches: 1
20:43:17 | INFO  | probe.py    |   wrapping forward
Using bfloat16 Automatic Mixed Precision (AMP)
20:43:17 | INFO  | env_info.py |   EnvironmentDumpCallback initialized (filename=environment.json, async=True)
20:43:17 | INFO  | utils.py    | ── HuggingFaceCheckpoint ─────────────────────────
20:43:17 | INFO  | hf_models.py|   save_dir: <cyan>hf_exports</cyan>
Adding 11 callbacks from entry point 'stablepretraining_callbacks': PrintProgressBar, ModuleRegistryCallback, LoggingCallback, EnvironmentDumpCallback, TrainerInfo, SklearnCheckpoint, WandbCheckpoint, ModuleSummary, SLURMInfo, LogUnusedParametersOnce, HuggingFaceCheckpointCallback
GPU available: True (cuda), used: True
TPU available: False, using: 0 TPU cores
/workspace/jepa/lib/python3.11/site-packages/lightning/pytorch/trainer/connectors/logger_connector/logger_connector.py:76: Starting from v1.9.0, `tensorboardX` has been removed as a dependency of the `lightning.pytorch` package, due to potential conflicts with other packages in the ML ecosystem. For this reason, `logger=True` will use `CSVLogger` as the default logger, unless the `tensorboard` or `tensorboardX` packages are found. Please `pip install lightning[extra]` or one of them to enable TensorBoard support by default
💡 Tip: For seamless cloud logging and experiment tracking, try installing [litlogger](https://pypi.org/project/litlogger/) to enable LitLogger, which logs metrics and artifacts automatically to the Lightning Experiments platform.
20:43:17 | WARN  | manager.py  | User didn't specify seed, runs won't be exactly reproducible!
20:43:17 | INFO  | utils.py    | ── WorkingDirectory ──────────────────────────────
20:43:17 | INFO  | manager.py  |   cwd: /workspace/lejepa-MLProject
20:43:17 | INFO  | utils.py    | ── Seed ──────────────────────────────────────────
20:43:17 | INFO  | manager.py  |   seed: None
/workspace/jepa/lib/python3.11/site-packages/lightning/fabric/utilities/seed.py:44: No seed found, seed set to 0
Seed set to 0
20:43:18 | INFO  | utils.py    | ── CSVLogger ─────────────────────────────────────
20:43:18 | INFO  | manager.py  |   root_dir: /workspace/lejepa-MLProject/logs/lightning_logs
20:43:18 | INFO  | manager.py  |   save_dir: /workspace/lejepa-MLProject/logs
20:43:18 | INFO  | manager.py  |   log_dir: /workspace/lejepa-MLProject/logs/lightning_logs/version_11
20:43:18 | INFO  | utils.py    | ── SignalHandlers ────────────────────────────────
20:43:18 | INFO  | manager.py  |   SIGUSR1: `0`
20:43:18 | INFO  | manager.py  |   SIGUSR2: `0`
20:43:18 | INFO  | manager.py  |   SIGCONT: `0`
20:43:18 | INFO  | manager.py  |   SIGTERM: `0`
20:43:18 | INFO  | utils.py    | ── Callbacks ─────────────────────────────────────
20:43:18 | INFO  | manager.py  |   count: 19
20:43:18 | INFO  | utils.py    | ── CheckpointingSetup ────────────────────────────
20:43:18 | INFO  | manager.py  |   Checkpointing: A user-defined `ModelCheckpoint` callback was found. It will be used for saving checkpoints.
20:43:18 | INFO  | manager.py  |   The `Manager` will not manage resuming from a specific path as `manager.ckpt_path` was not provided.
20:43:18 | INFO  | utils.py    | ── TrainerFit ────────────────────────────────────
20:43:18 | INFO  | manager.py  |   ckpt_path: None
20:43:18 | INFO  | manager.py  |   resume_weights_only: False
20:43:18 | OK    | module.py   | ✓ dataset for TrainerFn.FITTING loaded
20:43:18 | INFO  | module.py   |   setup was done by user
20:43:18 | INFO  | queue.py    |   no queue found for key 'embedding', creating new OnlineQueue with length=1000, dim=768, dtype=torch.float32
20:43:18 | INFO  | utils.py    | ── OnlineQueue ───────────────────────────────────
20:43:18 | INFO  | queue.py    |   key: embedding
20:43:18 | INFO  | queue.py    |   requested_length: 1000
20:43:18 | INFO  | queue.py    |   dim: 768
20:43:18 | INFO  | queue.py    |   dtype: torch.float32
20:43:18 | INFO  | queue.py    |   created shared queue for 'embedding' with size 1000
20:43:18 | INFO  | rankme.py   |   target queue: embedding
20:43:18 | INFO  | trainer_inf~|   linking trainer to DataModule
20:43:18 | INFO  | utils.py    | ── EnvironmentDump ───────────────────────────────
20:43:18 | INFO  | env_info.py |   log_dir: /workspace/lejepa-MLProject/logs
20:43:18 | INFO  | env_info.py |   Running environment dump in background thread (non-blocking)
20:43:18 | INFO  | env_info.py |   Collecting environment information...
20:43:18 | OK    | env_info.py | ✓ Background thread started successfully
20:43:18 | OK    | env_info.py | ✓ Python 3.11.10
20:43:18 | INFO  | trainer_inf~|   linking trainer to DataModule
20:43:18 | INFO  | utils.py    | ── SklearnCheckpoint ─────────────────────────────
20:43:18 | INFO  | checkpoint_~|   Sklearn Modules:
20:43:18 | INFO  | checkpoint_~| 
┏━━━━━━━━━━┳━━━━━━━━┳━━━━━━━━┓
┃ Module   ┃ Name   ┃ Type   ┃
┣━━━━━━━━━━╋━━━━━━━━╋━━━━━━━━┫
┗━━━━━━━━━━┻━━━━━━━━┻━━━━━━━━┛
20:43:18 | INFO  | utils.py    | ── WandbCheckpoint ───────────────────────────────
20:43:18 | INFO  | utils.py    | ── PyTorch Modules ───────────────────────────────
20:43:18 | WARN  | module.py   | ! You are calling self.parameters which also gives callbacks parameters, to remove them, pass `with_callbacks=False`
20:43:18 | INFO  | trainer_inf~| \n+-------------------------------------------+----------------------+--------------------------+--------------------------+---------+
| Module                                    | Trainable parameters | Non Trainable parameters | Uninitialized parameters | Buffers |
+-------------------------------------------+----------------------+--------------------------+--------------------------+---------+
|                                           |             92496640 |                        0 |                        0 |  777250 |
| callbacks_modules                         |                    0 |                        0 |                        0 |  769004 |
| callbacks_modules.ordered_queue_embedding |                    0 |                        0 |                        0 |  769004 |
| callbacks_metrics                         |                    0 |                        0 |                        0 |       0 |
| model                                     |             92496640 |                        0 |                        0 |    8246 |
| model.callbacks_modules                   |                    0 |                        0 |                        0 |       0 |
| model.callbacks_metrics                   |                    0 |                        0 |                        0 |       0 |
| model.backbone                            |             85798656 |                        0 |                        0 |       0 |
| model.backbone.patch_embed                |               590592 |                        0 |                        0 |       0 |
| model.backbone.patch_embed.proj           |               590592 |                        0 |                        0 |       0 |
| model.backbone.patch_embed.norm           |                    0 |                        0 |                        0 |       0 |
| model.backbone.pos_drop                   |                    0 |                        0 |                        0 |       0 |
| model.backbone.patch_drop                 |                    0 |                        0 |                        0 |       0 |
| model.backbone.norm_pre                   |                    0 |                        0 |                        0 |       0 |
| model.backbone.blocks                     |             85054464 |                        0 |                        0 |       0 |
| model.backbone.blocks.0                   |              7087872 |                        0 |                        0 |       0 |
| model.backbone.blocks.0.norm1             |                 1536 |                        0 |                        0 |       0 |
| model.backbone.blocks.0.attn              |              2362368 |                        0 |                        0 |       0 |
| model.backbone.blocks.0.attn.qkv          |              1771776 |                        0 |                        0 |       0 |
| model.backbone.blocks.0.attn.q_norm       |                    0 |                        0 |                        0 |       0 |
| model.backbone.blocks.0.attn.k_norm       |                    0 |                        0 |                        0 |       0 |
| model.backbone.blocks.0.attn.attn_drop    |                    0 |                        0 |                        0 |       0 |
| model.backbone.blocks.0.attn.norm         |                    0 |                        0 |                        0 |       0 |
| model.backbone.blocks.0.attn.proj         |               590592 |                        0 |                        0 |       0 |
| model.backbone.blocks.0.attn.proj_drop    |                    0 |                        0 |                        0 |       0 |
| model.backbone.blocks.0.ls1               |                    0 |                        0 |                        0 |       0 |
| model.backbone.blocks.0.drop_path1        |                    0 |                        0 |                        0 |       0 |
| model.backbone.blocks.0.norm2             |                 1536 |                        0 |                        0 |       0 |
| model.backbone.blocks.0.mlp               |              4722432 |                        0 |                        0 |       0 |
| model.backbone.blocks.0.mlp.fc1           |              2362368 |                        0 |                        0 |       0 |
| model.backbone.blocks.0.mlp.act           |                    0 |                        0 |                        0 |       0 |
| model.backbone.blocks.0.mlp.drop1         |                    0 |                        0 |                        0 |       0 |
| model.backbone.blocks.0.mlp.norm          |                    0 |                        0 |                        0 |       0 |
| model.backbone.blocks.0.mlp.fc2           |              2360064 |                        0 |                        0 |       0 |
| model.backbone.blocks.0.mlp.drop2         |                    0 |                        0 |                        0 |       0 |
| model.backbone.blocks.0.ls2               |                    0 |                        0 |                        0 |       0 |
| model.backbone.blocks.0.drop_path2        |                    0 |                        0 |                        0 |       0 |
| model.backbone.blocks.1                   |              7087872 |                        0 |                        0 |       0 |
| model.backbone.blocks.1.norm1             |                 1536 |                        0 |                        0 |       0 |
| model.backbone.blocks.1.attn              |              2362368 |                        0 |                        0 |       0 |
| model.backbone.blocks.1.attn.qkv          |              1771776 |                        0 |                        0 |       0 |
| model.backbone.blocks.1.attn.q_norm       |                    0 |                        0 |                        0 |       0 |
| model.backbone.blocks.1.attn.k_norm       |                    0 |                        0 |                        0 |       0 |
| model.backbone.blocks.1.attn.attn_drop    |                    0 |                        0 |                        0 |       0 |
| model.backbone.blocks.1.attn.norm         |                    0 |                        0 |                        0 |       0 |
| model.backbone.blocks.1.attn.proj         |               590592 |                        0 |                        0 |       0 |
| model.backbone.blocks.1.attn.proj_drop    |                    0 |                        0 |                        0 |       0 |
| model.backbone.blocks.1.ls1               |                    0 |                        0 |                        0 |       0 |
| model.backbone.blocks.1.drop_path1        |                    0 |                        0 |                        0 |       0 |
| model.backbone.blocks.1.norm2             |                 1536 |                        0 |                        0 |       0 |
| model.backbone.blocks.1.mlp               |              4722432 |                        0 |                        0 |       0 |
| model.backbone.blocks.1.mlp.fc1           |              2362368 |                        0 |                        0 |       0 |
| model.backbone.blocks.1.mlp.act           |                    0 |                        0 |                        0 |       0 |
| model.backbone.blocks.1.mlp.drop1         |                    0 |                        0 |                        0 |       0 |
| model.backbone.blocks.1.mlp.norm          |                    0 |                        0 |                        0 |       0 |
| model.backbone.blocks.1.mlp.fc2           |              2360064 |                        0 |                        0 |       0 |
| model.backbone.blocks.1.mlp.drop2         |                    0 |                        0 |                        0 |       0 |
| model.backbone.blocks.1.ls2               |                    0 |                        0 |                        0 |       0 |
| model.backbone.blocks.1.drop_path2        |                    0 |                        0 |                        0 |       0 |
| model.backbone.blocks.2                   |              7087872 |                        0 |                        0 |       0 |
| model.backbone.blocks.2.norm1             |                 1536 |                        0 |                        0 |       0 |
| model.backbone.blocks.2.attn              |              2362368 |                        0 |                        0 |       0 |
| model.backbone.blocks.2.attn.qkv          |              1771776 |                        0 |                        0 |       0 |
| model.backbone.blocks.2.attn.q_norm       |                    0 |                        0 |                        0 |       0 |
| model.backbone.blocks.2.attn.k_norm       |                    0 |                        0 |                        0 |       0 |
| model.backbone.blocks.2.attn.attn_drop    |                    0 |                        0 |                        0 |       0 |
| model.backbone.blocks.2.attn.norm         |                    0 |                        0 |                        0 |       0 |
| model.backbone.blocks.2.attn.proj         |               590592 |                        0 |                        0 |       0 |
| model.backbone.blocks.2.attn.proj_drop    |                    0 |                        0 |                        0 |       0 |
| model.backbone.blocks.2.ls1               |                    0 |                        0 |                        0 |       0 |
| model.backbone.blocks.2.drop_path1        |                    0 |                        0 |                        0 |       0 |
| model.backbone.blocks.2.norm2             |                 1536 |                        0 |                        0 |       0 |
| model.backbone.blocks.2.mlp               |              4722432 |                        0 |                        0 |       0 |
| model.backbone.blocks.2.mlp.fc1           |              2362368 |                        0 |                        0 |       0 |
| model.backbone.blocks.2.mlp.act           |                    0 |                        0 |                        0 |       0 |
| model.backbone.blocks.2.mlp.drop1         |                    0 |                        0 |                        0 |       0 |
| model.backbone.blocks.2.mlp.norm          |                    0 |                        0 |                        0 |       0 |
| model.backbone.blocks.2.mlp.fc2           |              2360064 |                        0 |                        0 |       0 |
| model.backbone.blocks.2.mlp.drop2         |                    0 |                        0 |                        0 |       0 |
| model.backbone.blocks.2.ls2               |                    0 |                        0 |                        0 |       0 |
| model.backbone.blocks.2.drop_path2        |                    0 |                        0 |                        0 |       0 |
| model.backbone.blocks.3                   |              7087872 |                        0 |                        0 |       0 |
| model.backbone.blocks.3.norm1             |                 1536 |                        0 |                        0 |       0 |
| model.backbone.blocks.3.attn              |              2362368 |                        0 |                        0 |       0 |
| model.backbone.blocks.3.attn.qkv          |              1771776 |                        0 |                        0 |       0 |
| model.backbone.blocks.3.attn.q_norm       |                    0 |                        0 |                        0 |       0 |
| model.backbone.blocks.3.attn.k_norm       |                    0 |                        0 |                        0 |       0 |
| model.backbone.blocks.3.attn.attn_drop    |                    0 |                        0 |                        0 |       0 |
| model.backbone.blocks.3.attn.norm         |                    0 |                        0 |                        0 |       0 |
| model.backbone.blocks.3.attn.proj         |               590592 |                        0 |                        0 |       0 |
| model.backbone.blocks.3.attn.proj_drop    |                    0 |                        0 |                        0 |       0 |
| model.backbone.blocks.3.ls1               |                    0 |                        0 |                        0 |       0 |
| model.backbone.blocks.3.drop_path1        |                    0 |                        0 |                        0 |       0 |
| model.backbone.blocks.3.norm2             |                 1536 |                        0 |                        0 |       0 |
| model.backbone.blocks.3.mlp               |              4722432 |                        0 |                        0 |       0 |
| model.backbone.blocks.3.mlp.fc1           |              2362368 |                        0 |                        0 |       0 |
| model.backbone.blocks.3.mlp.act           |                    0 |                        0 |                        0 |       0 |
| model.backbone.blocks.3.mlp.drop1         |                    0 |                        0 |                        0 |       0 |
| model.backbone.blocks.3.mlp.norm          |                    0 |                        0 |                        0 |       0 |
| model.backbone.blocks.3.mlp.fc2           |              2360064 |                        0 |                        0 |       0 |
| model.backbone.blocks.3.mlp.drop2         |                    0 |                        0 |                        0 |       0 |
| model.backbone.blocks.3.ls2               |                    0 |                        0 |                        0 |       0 |
| model.backbone.blocks.3.drop_path2        |                    0 |                        0 |                        0 |       0 |
| model.backbone.blocks.4                   |              7087872 |                        0 |                        0 |       0 |
| model.backbone.blocks.4.norm1             |                 1536 |                        0 |                        0 |       0 |
| model.backbone.blocks.4.attn              |              2362368 |                        0 |                        0 |       0 |
| model.backbone.blocks.4.attn.qkv          |              1771776 |                        0 |                        0 |       0 |
| model.backbone.blocks.4.attn.q_norm       |                    0 |                        0 |                        0 |       0 |
| model.backbone.blocks.4.attn.k_norm       |                    0 |                        0 |                        0 |       0 |
| model.backbone.blocks.4.attn.attn_drop    |                    0 |                        0 |                        0 |       0 |
| model.backbone.blocks.4.attn.norm         |                    0 |                        0 |                        0 |       0 |
| model.backbone.blocks.4.attn.proj         |               590592 |                        0 |                        0 |       0 |
| model.backbone.blocks.4.attn.proj_drop    |                    0 |                        0 |                        0 |       0 |
| model.backbone.blocks.4.ls1               |                    0 |                        0 |                        0 |       0 |
| model.backbone.blocks.4.drop_path1        |                    0 |                        0 |                        0 |       0 |
| model.backbone.blocks.4.norm2             |                 1536 |                        0 |                        0 |       0 |
| model.backbone.blocks.4.mlp               |              4722432 |                        0 |                        0 |       0 |
| model.backbone.blocks.4.mlp.fc1           |              2362368 |                        0 |                        0 |       0 |
| model.backbone.blocks.4.mlp.act           |                    0 |                        0 |                        0 |       0 |
| model.backbone.blocks.4.mlp.drop1         |                    0 |                        0 |                        0 |       0 |
| model.backbone.blocks.4.mlp.norm          |                    0 |                        0 |                        0 |       0 |
| model.backbone.blocks.4.mlp.fc2           |              2360064 |                        0 |                        0 |       0 |
| model.backbone.blocks.4.mlp.drop2         |                    0 |                        0 |                        0 |       0 |
| model.backbone.blocks.4.ls2               |                    0 |                        0 |                        0 |       0 |
| model.backbone.blocks.4.drop_path2        |                    0 |                        0 |                        0 |       0 |
| model.backbone.blocks.5                   |              7087872 |                        0 |                        0 |       0 |
| model.backbone.blocks.5.norm1             |                 1536 |                        0 |                        0 |       0 |
| model.backbone.blocks.5.attn              |              2362368 |                        0 |                        0 |       0 |
| model.backbone.blocks.5.attn.qkv          |              1771776 |                        0 |                        0 |       0 |
| model.backbone.blocks.5.attn.q_norm       |                    0 |                        0 |                        0 |       0 |
| model.backbone.blocks.5.attn.k_norm       |                    0 |                        0 |                        0 |       0 |
| model.backbone.blocks.5.attn.attn_drop    |                    0 |                        0 |                        0 |       0 |
| model.backbone.blocks.5.attn.norm         |                    0 |                        0 |                        0 |       0 |
| model.backbone.blocks.5.attn.proj         |               590592 |                        0 |                        0 |       0 |
| model.backbone.blocks.5.attn.proj_drop    |                    0 |                        0 |                        0 |       0 |
| model.backbone.blocks.5.ls1               |                    0 |                        0 |                        0 |       0 |
| model.backbone.blocks.5.drop_path1        |                    0 |                        0 |                        0 |       0 |
| model.backbone.blocks.5.norm2             |                 1536 |                        0 |                        0 |       0 |
| model.backbone.blocks.5.mlp               |              4722432 |                        0 |                        0 |       0 |
| model.backbone.blocks.5.mlp.fc1           |              2362368 |                        0 |                        0 |       0 |
| model.backbone.blocks.5.mlp.act           |                    0 |                        0 |                        0 |       0 |
| model.backbone.blocks.5.mlp.drop1         |                    0 |                        0 |                        0 |       0 |
| model.backbone.blocks.5.mlp.norm          |                    0 |                        0 |                        0 |       0 |
| model.backbone.blocks.5.mlp.fc2           |              2360064 |                        0 |                        0 |       0 |
| model.backbone.blocks.5.mlp.drop2         |                    0 |                        0 |                        0 |       0 |
| model.backbone.blocks.5.ls2               |                    0 |                        0 |                        0 |       0 |
| model.backbone.blocks.5.drop_path2        |                    0 |                        0 |                        0 |       0 |
| model.backbone.blocks.6                   |              7087872 |                        0 |                        0 |       0 |
| model.backbone.blocks.6.norm1             |                 1536 |                        0 |                        0 |       0 |
| model.backbone.blocks.6.attn              |              2362368 |                        0 |                        0 |       0 |
| model.backbone.blocks.6.attn.qkv          |              1771776 |                        0 |                        0 |       0 |
| model.backbone.blocks.6.attn.q_norm       |                    0 |                        0 |                        0 |       0 |
| model.backbone.blocks.6.attn.k_norm       |                    0 |                        0 |                        0 |       0 |
| model.backbone.blocks.6.attn.attn_drop    |                    0 |                        0 |                        0 |       0 |
| model.backbone.blocks.6.attn.norm         |                    0 |                        0 |                        0 |       0 |
| model.backbone.blocks.6.attn.proj         |               590592 |                        0 |                        0 |       0 |
| model.backbone.blocks.6.attn.proj_drop    |                    0 |                        0 |                        0 |       0 |
| model.backbone.blocks.6.ls1               |                    0 |                        0 |                        0 |       0 |
| model.backbone.blocks.6.drop_path1        |                    0 |                        0 |                        0 |       0 |
| model.backbone.blocks.6.norm2             |                 1536 |                        0 |                        0 |       0 |
| model.backbone.blocks.6.mlp               |              4722432 |                        0 |                        0 |       0 |
| model.backbone.blocks.6.mlp.fc1           |              2362368 |                        0 |                        0 |       0 |
| model.backbone.blocks.6.mlp.act           |                    0 |                        0 |                        0 |       0 |
| model.backbone.blocks.6.mlp.drop1         |                    0 |                        0 |                        0 |       0 |
| model.backbone.blocks.6.mlp.norm          |                    0 |                        0 |                        0 |       0 |
| model.backbone.blocks.6.mlp.fc2           |              2360064 |                        0 |                        0 |       0 |
| model.backbone.blocks.6.mlp.drop2         |                    0 |                        0 |                        0 |       0 |
| model.backbone.blocks.6.ls2               |                    0 |                        0 |                        0 |       0 |
| model.backbone.blocks.6.drop_path2        |                    0 |                        0 |                        0 |       0 |
| model.backbone.blocks.7                   |              7087872 |                        0 |                        0 |       0 |
| model.backbone.blocks.7.norm1             |                 1536 |                        0 |                        0 |       0 |
| model.backbone.blocks.7.attn              |              2362368 |                        0 |                        0 |       0 |
| model.backbone.blocks.7.attn.qkv          |              1771776 |                        0 |                        0 |       0 |
| model.backbone.blocks.7.attn.q_norm       |                    0 |                        0 |                        0 |       0 |
| model.backbone.blocks.7.attn.k_norm       |                    0 |                        0 |                        0 |       0 |
| model.backbone.blocks.7.attn.attn_drop    |                    0 |                        0 |                        0 |       0 |
| model.backbone.blocks.7.attn.norm         |                    0 |                        0 |                        0 |       0 |
| model.backbone.blocks.7.attn.proj         |               590592 |                        0 |                        0 |       0 |
| model.backbone.blocks.7.attn.proj_drop    |                    0 |                        0 |                        0 |       0 |
| model.backbone.blocks.7.ls1               |                    0 |                        0 |                        0 |       0 |
| model.backbone.blocks.7.drop_path1        |                    0 |                        0 |                        0 |       0 |
| model.backbone.blocks.7.norm2             |                 1536 |                        0 |                        0 |       0 |
| model.backbone.blocks.7.mlp               |              4722432 |                        0 |                        0 |       0 |
| model.backbone.blocks.7.mlp.fc1           |              2362368 |                        0 |                        0 |       0 |
| model.backbone.blocks.7.mlp.act           |                    0 |                        0 |                        0 |       0 |
| model.backbone.blocks.7.mlp.drop1         |                    0 |                        0 |                        0 |       0 |
| model.backbone.blocks.7.mlp.norm          |                    0 |                        0 |                        0 |       0 |
| model.backbone.blocks.7.mlp.fc2           |              2360064 |                        0 |                        0 |       0 |
| model.backbone.blocks.7.mlp.drop2         |                    0 |                        0 |                        0 |       0 |
| model.backbone.blocks.7.ls2               |                    0 |                        0 |                        0 |       0 |
| model.backbone.blocks.7.drop_path2        |                    0 |                        0 |                        0 |       0 |
| model.backbone.blocks.8                   |              7087872 |                        0 |                        0 |       0 |
| model.backbone.blocks.8.norm1             |                 1536 |                        0 |                        0 |       0 |
| model.backbone.blocks.8.attn              |              2362368 |                        0 |                        0 |       0 |
| model.backbone.blocks.8.attn.qkv          |              1771776 |                        0 |                        0 |       0 |
| model.backbone.blocks.8.attn.q_norm       |                    0 |                        0 |                        0 |       0 |
| model.backbone.blocks.8.attn.k_norm       |                    0 |                        0 |                        0 |       0 |
| model.backbone.blocks.8.attn.attn_drop    |                    0 |                        0 |                        0 |       0 |
| model.backbone.blocks.8.attn.norm         |                    0 |                        0 |                        0 |       0 |
| model.backbone.blocks.8.attn.proj         |               590592 |                        0 |                        0 |       0 |
| model.backbone.blocks.8.attn.proj_drop    |                    0 |                        0 |                        0 |       0 |
| model.backbone.blocks.8.ls1               |                    0 |                        0 |                        0 |       0 |
| model.backbone.blocks.8.drop_path1        |                    0 |                        0 |                        0 |       0 |
| model.backbone.blocks.8.norm2             |                 1536 |                        0 |                        0 |       0 |
| model.backbone.blocks.8.mlp               |              4722432 |                        0 |                        0 |       0 |
| model.backbone.blocks.8.mlp.fc1           |              2362368 |                        0 |                        0 |       0 |
| model.backbone.blocks.8.mlp.act           |                    0 |                        0 |                        0 |       0 |
| model.backbone.blocks.8.mlp.drop1         |                    0 |                        0 |                        0 |       0 |
| model.backbone.blocks.8.mlp.norm          |                    0 |                        0 |                        0 |       0 |
| model.backbone.blocks.8.mlp.fc2           |              2360064 |                        0 |                        0 |       0 |
| model.backbone.blocks.8.mlp.drop2         |                    0 |                        0 |                        0 |       0 |
| model.backbone.blocks.8.ls2               |                    0 |                        0 |                        0 |       0 |
| model.backbone.blocks.8.drop_path2        |                    0 |                        0 |                        0 |       0 |
| model.backbone.blocks.9                   |              7087872 |                        0 |                        0 |       0 |
| model.backbone.blocks.9.norm1             |                 1536 |                        0 |                        0 |       0 |
| model.backbone.blocks.9.attn              |              2362368 |                        0 |                        0 |       0 |
| model.backbone.blocks.9.attn.qkv          |              1771776 |                        0 |                        0 |       0 |
| model.backbone.blocks.9.attn.q_norm       |                    0 |                        0 |                        0 |       0 |
| model.backbone.blocks.9.attn.k_norm       |                    0 |                        0 |                        0 |       0 |
| model.backbone.blocks.9.attn.attn_drop    |                    0 |                        0 |                        0 |       0 |
| model.backbone.blocks.9.attn.norm         |                    0 |                        0 |                        0 |       0 |
| model.backbone.blocks.9.attn.proj         |               590592 |                        0 |                        0 |       0 |
| model.backbone.blocks.9.attn.proj_drop    |                    0 |                        0 |                        0 |       0 |
| model.backbone.blocks.9.ls1               |                    0 |                        0 |                        0 |       0 |
| model.backbone.blocks.9.drop_path1        |                    0 |                        0 |                        0 |       0 |
| model.backbone.blocks.9.norm2             |                 1536 |                        0 |                        0 |       0 |
| model.backbone.blocks.9.mlp               |              4722432 |                        0 |                        0 |       0 |
| model.backbone.blocks.9.mlp.fc1           |              2362368 |                        0 |                        0 |       0 |
| model.backbone.blocks.9.mlp.act           |                    0 |                        0 |                        0 |       0 |
| model.backbone.blocks.9.mlp.drop1         |                    0 |                        0 |                        0 |       0 |
| model.backbone.blocks.9.mlp.norm          |                    0 |                        0 |                        0 |       0 |
| model.backbone.blocks.9.mlp.fc2           |              2360064 |                        0 |                        0 |       0 |
| model.backbone.blocks.9.mlp.drop2         |                    0 |                        0 |                        0 |       0 |
| model.backbone.blocks.9.ls2               |                    0 |                        0 |                        0 |       0 |
| model.backbone.blocks.9.drop_path2        |                    0 |                        0 |                        0 |       0 |
| model.backbone.blocks.10                  |              7087872 |                        0 |                        0 |       0 |
| model.backbone.blocks.10.norm1            |                 1536 |                        0 |                        0 |       0 |
| model.backbone.blocks.10.attn             |              2362368 |                        0 |                        0 |       0 |
| model.backbone.blocks.10.attn.qkv         |              1771776 |                        0 |                        0 |       0 |
| model.backbone.blocks.10.attn.q_norm      |                    0 |                        0 |                        0 |       0 |
| model.backbone.blocks.10.attn.k_norm      |                    0 |                        0 |                        0 |       0 |
| model.backbone.blocks.10.attn.attn_drop   |                    0 |                        0 |                        0 |       0 |
| model.backbone.blocks.10.attn.norm        |                    0 |                        0 |                        0 |       0 |
| model.backbone.blocks.10.attn.proj        |               590592 |                        0 |                        0 |       0 |
| model.backbone.blocks.10.attn.proj_drop   |                    0 |                        0 |                        0 |       0 |
| model.backbone.blocks.10.ls1              |                    0 |                        0 |                        0 |       0 |
| model.backbone.blocks.10.drop_path1       |                    0 |                        0 |                        0 |       0 |
| model.backbone.blocks.10.norm2            |                 1536 |                        0 |                        0 |       0 |
| model.backbone.blocks.10.mlp              |              4722432 |                        0 |                        0 |       0 |
| model.backbone.blocks.10.mlp.fc1          |              2362368 |                        0 |                        0 |       0 |
| model.backbone.blocks.10.mlp.act          |                    0 |                        0 |                        0 |       0 |
| model.backbone.blocks.10.mlp.drop1        |                    0 |                        0 |                        0 |       0 |
| model.backbone.blocks.10.mlp.norm         |                    0 |                        0 |                        0 |       0 |
| model.backbone.blocks.10.mlp.fc2          |              2360064 |                        0 |                        0 |       0 |
| model.backbone.blocks.10.mlp.drop2        |                    0 |                        0 |                        0 |       0 |
| model.backbone.blocks.10.ls2              |                    0 |                        0 |                        0 |       0 |
| model.backbone.blocks.10.drop_path2       |                    0 |                        0 |                        0 |       0 |
| model.backbone.blocks.11                  |              7087872 |                        0 |                        0 |       0 |
| model.backbone.blocks.11.norm1            |                 1536 |                        0 |                        0 |       0 |
| model.backbone.blocks.11.attn             |              2362368 |                        0 |                        0 |       0 |
| model.backbone.blocks.11.attn.qkv         |              1771776 |                        0 |                        0 |       0 |
| model.backbone.blocks.11.attn.q_norm      |                    0 |                        0 |                        0 |       0 |
| model.backbone.blocks.11.attn.k_norm      |                    0 |                        0 |                        0 |       0 |
| model.backbone.blocks.11.attn.attn_drop   |                    0 |                        0 |                        0 |       0 |
| model.backbone.blocks.11.attn.norm        |                    0 |                        0 |                        0 |       0 |
| model.backbone.blocks.11.attn.proj        |               590592 |                        0 |                        0 |       0 |
| model.backbone.blocks.11.attn.proj_drop   |                    0 |                        0 |                        0 |       0 |
| model.backbone.blocks.11.ls1              |                    0 |                        0 |                        0 |       0 |
| model.backbone.blocks.11.drop_path1       |                    0 |                        0 |                        0 |       0 |
| model.backbone.blocks.11.norm2            |                 1536 |                        0 |                        0 |       0 |
| model.backbone.blocks.11.mlp              |              4722432 |                        0 |                        0 |       0 |
| model.backbone.blocks.11.mlp.fc1          |              2362368 |                        0 |                        0 |       0 |
| model.backbone.blocks.11.mlp.act          |                    0 |                        0 |                        0 |       0 |
| model.backbone.blocks.11.mlp.drop1        |                    0 |                        0 |                        0 |       0 |
| model.backbone.blocks.11.mlp.norm         |                    0 |                        0 |                        0 |       0 |
| model.backbone.blocks.11.mlp.fc2          |              2360064 |                        0 |                        0 |       0 |
| model.backbone.blocks.11.mlp.drop2        |                    0 |                        0 |                        0 |       0 |
| model.backbone.blocks.11.ls2              |                    0 |                        0 |                        0 |       0 |
| model.backbone.blocks.11.drop_path2       |                    0 |                        0 |                        0 |       0 |
| model.backbone.norm                       |                 1536 |                        0 |                        0 |       0 |
| model.backbone.fc_norm                    |                    0 |                        0 |                        0 |       0 |
| model.backbone.head_drop                  |                    0 |                        0 |                        0 |       0 |
| model.backbone.head                       |                    0 |                        0 |                        0 |       0 |
| model.projector                           |              6697984 |                        0 |                        0 |    8194 |
| model.projector.0                         |               393728 |                        0 |                        0 |       0 |
| model.projector.1                         |              6304256 |                        0 |                        0 |    8194 |
| model.projector.1.0                       |              1050624 |                        0 |                        0 |       0 |
| model.projector.1.1                       |                 4096 |                        0 |                        0 |    4097 |
| model.projector.1.2                       |                    0 |                        0 |                        0 |       0 |
| model.projector.1.3                       |                    0 |                        0 |                        0 |       0 |
| model.projector.1.4                       |              4196352 |                        0 |                        0 |       0 |
| model.projector.1.5                       |                 4096 |                        0 |                        0 |    4097 |
| model.projector.1.6                       |                    0 |                        0 |                        0 |       0 |
| model.projector.1.7                       |                    0 |                        0 |                        0 |       0 |
| model.projector.1.8                       |              1049088 |                        0 |                        0 |       0 |
| model.projector.1.9                       |                    0 |                        0 |                        0 |       0 |
| model.sigreg                              |                    0 |                        0 |                        0 |      52 |
| model.sigreg.ep                           |                    0 |                        0 |                        0 |      51 |
+-------------------------------------------+----------------------+--------------------------+--------------------------+---------+
20:43:18 | INFO  | utils.py    | ── SLURM ─────────────────────────────────────────
20:43:18 | INFO  | trainer_inf~|   Job ID: N/A
20:43:18 | INFO  | trainer_inf~|   Task ID: N/A
20:43:18 | INFO  | trainer_inf~|   Job Name: N/A
20:43:18 | INFO  | trainer_inf~|   Nodes: N/A
20:43:18 | INFO  | trainer_inf~|   Tasks: N/A
20:43:18 | INFO  | trainer_inf~|   CPUs per node: N/A
20:43:18 | INFO  | trainer_inf~|   CPUs per task: N/A
20:43:18 | INFO  | trainer_inf~|   Memory per node: N/A
20:43:18 | INFO  | trainer_inf~|   Memory per CPU: N/A
20:43:18 | INFO  | trainer_inf~|   Time limit: N/A
20:43:18 | INFO  | trainer_inf~|   Partition: N/A
20:43:18 | INFO  | trainer_inf~|   Node List: N/A
20:43:18 | INFO  | trainer_inf~|   Submit Directory: N/A
20:43:18 | INFO  | utils.py    |   storing module in callbacks_modules
20:43:18 | INFO  | utils.py    |   setting up metrics
LOCAL_RANK: 0 - CUDA_VISIBLE_DEVICES: [0]
20:43:18 | OK    | env_info.py | ✓ System: Linux 6.8.0-100-generic (x86_64)
20:43:18 | INFO  | env_info.py |   Hostname: 12383aa106df
20:43:18 | INFO  | utils.py    | ── Optimizers ────────────────────────────────────
20:43:18 | INFO  | module.py   |   Configuring single optimizer.
Loading `train_dataloader` to estimate number of stepping batches.
20:43:18 | WARN  | module.py   | could not set pl_trainer to train dataset
/workspace/jepa/lib/python3.11/site-packages/lightning/pytorch/utilities/_pytree.py:21: `isinstance(treespec, LeafSpec)` is deprecated, use `isinstance(treespec, TreeSpec) and treespec.is_leaf()` instead.
20:43:18 | INFO  | lr_schedule~| 	User provided a dict
20:43:18 | INFO  | module.py   |   Configured AdamW optimizer with LinearWarmupCosineAnnealing scheduler.
20:43:18 | INFO  | utils.py    |   using explicitly provided optimizer
20:43:18 | INFO  | utils.py    |   no scheduler given, using default ConstantLR
/workspace/jepa/lib/python3.11/site-packages/lightning/pytorch/utilities/model_summary/model_summary.py:242: Precision bf16-mixed is not supported by the model summary.  Estimated model size in MB will not be accurate. Using 32 bits instead.
┏━━━┳━━━━━━━━━━━━━━━━━━━┳━━━━━━━━━━━━┳━━━━━━━━┳━━━━━━━┳━━━━━━━┓
┃   ┃ Name              ┃ Type       ┃ Params ┃ Mode  ┃ FLOPs ┃
┡━━━╇━━━━━━━━━━━━━━━━━━━╇━━━━━━━━━━━━╇━━━━━━━━╇━━━━━━━╇━━━━━━━┩
│ 0 │ callbacks_modules │ ModuleDict │  769 K │ train │     0 │
│ 1 │ callbacks_metrics │ ModuleDict │      0 │ train │     0 │
│ 2 │ model             │ LeJEPA     │ 92.5 M │ train │     0 │
└───┴───────────────────┴────────────┴────────┴───────┴───────┘
Trainable params: 93.3 M                                                        
Non-trainable params: 0                                                         
Total params: 93.3 M                                                            
Total estimated model params size (MB): 373                                     
Modules in train mode: 303                                                      
Modules in eval mode: 0                                                         
Total FLOPs: 0                                                                  
20:43:18 | WARN  | hf_models.py| ! No Hugging Face (PreTrainedModel) submodules found in LightningModule.
20:43:18 | INFO  | utils.py    | ── Optimizers ────────────────────────────────────
20:43:18 | INFO  | module.py   |   self.optimizers() gave us 2 optimizers
20:43:18 | WARN  | module.py   | ! No clip val found for optimizer default_0
20:43:18 | WARN  | module.py   | ! Will use the Trainer's value of None
20:43:18 | WARN  | module.py   | ! No clip algorithm found for optimizer default_0
20:43:18 | WARN  | module.py   | ! Will use the Trainer's value of None
20:43:18 | OK    | module.py   | ✓ Optimizer check complete:
+------------+------------+----------------+-----------+-----------+
| Opt. Index | Opt. name  |      opt       | clip val. | clip alg. |
+------------+------------+----------------+-----------+-----------+
|     0      | default_0  | LightningAdamW |    None   |    None   |
|     1      | inet_probe | LightningAdamW |    None   |    norm   |
+------------+------------+----------------+-----------+-----------+
20:43:22 | INFO  | utils.py    | ── LogUnusedParametersOnce ───────────────────────
20:43:22 | INFO  | unused_para~|   registered hooks on 164 leaf parameters
20:43:23 | OK    | env_info.py | ✓ Packages: 123 packages collected in 5.16s
20:43:23 | OK    | env_info.py | ✓ NVIDIA Driver: 580.126.16
20:43:24 | OK    | env_info.py | ✓ Git: ml @ 76c85086
20:43:24 | INFO  | env_info.py |   Remote: https://github.com/NLPQuy/lejepa-MLProject.git
20:43:24 | WARN  | env_info.py | ! Working directory has uncommitted changes
20:43:24 | OK    | env_info.py | ✓ Environment: 4 relevant variables captured
20:43:24 | INFO  | env_info.py |   Serializing environment data...
20:43:24 | INFO  | env_info.py |   File exists, using version 10: environment_v10.json
20:43:24 | INFO  | env_info.py |   File exists, using version 10: requirements_frozen_v10.txt
20:43:24 | INFO  | env_info.py |   Save directory: /workspace/lejepa-MLProject/logs
20:43:24 | INFO  | env_info.py |   Writing environment to temp file...
20:43:24 | INFO  | env_info.py |   Moving to: environment_v10.json
20:43:24 | OK    | env_info.py | ✓ Environment file saved (9.3 KB)
/workspace/jepa/lib/python3.11/site-packages/lightning/pytorch/utilities/data.py
:79: Trying to infer the `batch_size` from an ambiguous collection. The batch 
size we found is 64. To avoid any miscalculations, use `self.log(..., 
batch_size=batch_size)`.
20:43:24 | OK    | env_info.py | ✓ Requirements file saved (2.6 KB)
20:43:26 | OK    | unused_para~| ✓ all tracked parameters received gradients on the first backward pass
20:43:26 | INFO  | unused_para~|   hooks removed, callback disabled
/workspace/lejepa-MLProject/stable-pretraining/stable_pretraining/callbacks/queu
e.py:180: UserWarning: log('queue/embedding_fill_pct') called outside a 
training/validation step — metric buffered for next step
  _spt_log(
[Epoch 0/1] step 50/23862 (2.3 it/s)
[Epoch 0/1] step 100/23862 (2.5 it/s)
[Epoch 0/1] step 150/23862 (2.6 it/s)
[Epoch 0/1] step 200/23862 (2.7 it/s)
[Epoch 0/1] step 250/23862 (2.7 it/s)
[Epoch 0/1] step 300/23862 (2.7 it/s)
[Epoch 0/1] step 350/23862 (2.7 it/s)
[Epoch 0/1] step 400/23862 (2.8 it/s)
[Epoch 0/1] step 450/23862 (2.8 it/s)
[Epoch 0/1] step 500/23862 (2.8 it/s)
[Epoch 0/1] step 550/23862 (2.8 it/s)
[Epoch 0/1] step 600/23862 (2.8 it/s)
[Epoch 0/1] step 650/23862 (2.8 it/s)
[Epoch 0/1] step 700/23862 (2.8 it/s)
[Epoch 0/1] step 750/23862 (2.8 it/s)
[Epoch 0/1] step 800/23862 (2.8 it/s)
[Epoch 0/1] step 850/23862 (2.8 it/s)
[Epoch 0/1] step 900/23862 (2.8 it/s)
[Epoch 0/1] step 950/23862 (2.8 it/s)
[Epoch 0/1] step 1000/23862 (2.8 it/s)
[Epoch 0/1] step 1050/23862 (2.8 it/s)
[Epoch 0/1] step 1100/23862 (2.8 it/s)
[Epoch 0/1] step 1150/23862 (2.8 it/s)
[Epoch 0/1] step 1200/23862 (2.8 it/s)
[Epoch 0/1] step 1250/23862 (2.8 it/s)
[Epoch 0/1] step 1300/23862 (2.8 it/s)
[Epoch 0/1] step 1350/23862 (2.8 it/s)
[Epoch 0/1] step 1400/23862 (2.8 it/s)
[Epoch 0/1] step 1450/23862 (2.8 it/s)
[Epoch 0/1] step 1500/23862 (2.8 it/s)
[Epoch 0/1] step 1550/23862 (2.8 it/s)
[Epoch 0/1] step 1600/23862 (2.8 it/s)
[Epoch 0/1] step 1650/23862 (2.8 it/s)
[Epoch 0/1] step 1700/23862 (2.8 it/s)
[Epoch 0/1] step 1750/23862 (2.8 it/s)
[Epoch 0/1] step 1800/23862 (2.8 it/s)
[Epoch 0/1] step 1850/23862 (2.8 it/s)
[Epoch 0/1] step 1900/23862 (2.8 it/s)
[Epoch 0/1] step 1950/23862 (2.8 it/s)
[Epoch 0/1] step 2000/23862 (2.8 it/s)
[Epoch 0/1] step 2050/23862 (2.8 it/s)
[Epoch 0/1] step 2100/23862 (2.8 it/s)
[Epoch 0/1] step 2150/23862 (2.8 it/s)
[Epoch 0/1] step 2200/23862 (2.8 it/s)
[Epoch 0/1] step 2250/23862 (2.8 it/s)
[Epoch 0/1] step 2300/23862 (2.8 it/s)
[Epoch 0/1] step 2350/23862 (2.8 it/s)
[Epoch 0/1] step 2400/23862 (2.8 it/s)
[Epoch 0/1] step 2450/23862 (2.8 it/s)
[Epoch 0/1] step 2500/23862 (2.8 it/s)
[Epoch 0/1] step 2550/23862 (2.8 it/s)
[Epoch 0/1] step 2600/23862 (2.8 it/s)
