nohup: ignoring input
Note: Environment variable`HF_TOKEN` is set and is the current active token independently from the token you've just configured.
[env] Loaded /workspace/.env
[shm] /dev/shm free: 31.0 GB  →  cache dir: /dev/shm/hf_cache
[hf] Logged in to HuggingFace.
[install] pip install -e /workspace/lejepa-MLProject/stable-pretraining
  $ /workspace/jepa/bin/python -m pip install -q -e '/workspace/lejepa-MLProject/stable-pretraining'
WARNING: typer 0.25.1 does not provide the extra 'all'
============================================================
Phase 1 — LeJEPA Pretraining on ImageNet-1K (ViT-B/16)
============================================================
[DDP] Using MASTER_PORT=45291
[data] ImageNet-1K train: /workspace/imagenet/train
[data] ImageNet-1K val:   /workspace/imagenet/val
[data] train=1,527,212  val=50,000
16:57:08 | INFO  | module.py   | Setting up DataModule
16:57:08 | INFO  | utils.py    | ── Module ────────────────────────────────────────
16:57:08 | WARN  | module.py   | ! No hyperparameters provided - hyperparameter logging is disabled.
16:57:08 | INFO  | module.py   |   Setting custom forward method.
16:57:08 | WARN  | module.py   | ! You didn't pass a forward method. This will fail unless you implemented your own Module class.
16:57:08 | INFO  | module.py   |   No metrics configuration provided - automatic metric tracking is disabled.
16:57:10 | INFO  | utils.py    | ── Module ────────────────────────────────────────
16:57:10 | INFO  | module.py   |   Saving provided hyperparameters.
16:57:10 | INFO  | module.py   |   Setting custom forward method.
16:57:10 | INFO  | module.py   |   Setting attribute: self.model = <class 'stable_pretraining.methods.lejepa.LeJEPA'>
16:57:10 | INFO  | module.py   |   Setting attribute: self.optim = <class 'dict'>
16:57:10 | INFO  | module.py   |   No metrics configuration provided - automatic metric tracking is disabled.
16:57:10 | INFO  | utils.py    |   wrapping configure_model
16:57:10 | INFO  | utils.py    |   wrapping configure_optimizers
16:57:10 | INFO  | utils.py    | ── OnlineProbe ───────────────────────────────────
16:57:10 | INFO  | probe.py    |   name: inet_probe
16:57:10 | INFO  | probe.py    |   input: embedding
16:57:10 | INFO  | probe.py    |   target: label
16:57:10 | INFO  | probe.py    |   accumulate_grad_batches: 1
16:57:10 | INFO  | probe.py    |   wrapping forward
Using bfloat16 Automatic Mixed Precision (AMP)
16:57:10 | INFO  | env_info.py |   EnvironmentDumpCallback initialized (filename=environment.json, async=True)
16:57:10 | INFO  | utils.py    | ── HuggingFaceCheckpoint ─────────────────────────
16:57:10 | INFO  | hf_models.py|   save_dir: <cyan>hf_exports</cyan>
Adding 11 callbacks from entry point 'stablepretraining_callbacks': PrintProgressBar, ModuleRegistryCallback, LoggingCallback, EnvironmentDumpCallback, TrainerInfo, SklearnCheckpoint, WandbCheckpoint, ModuleSummary, SLURMInfo, LogUnusedParametersOnce, HuggingFaceCheckpointCallback
GPU available: True (cuda), used: True
TPU available: False, using: 0 TPU cores
/workspace/jepa/lib/python3.11/site-packages/lightning/pytorch/trainer/connectors/logger_connector/logger_connector.py:76: Starting from v1.9.0, `tensorboardX` has been removed as a dependency of the `lightning.pytorch` package, due to potential conflicts with other packages in the ML ecosystem. For this reason, `logger=True` will use `CSVLogger` as the default logger, unless the `tensorboard` or `tensorboardX` packages are found. Please `pip install lightning[extra]` or one of them to enable TensorBoard support by default
💡 Tip: For seamless cloud logging and experiment tracking, try installing [litlogger](https://pypi.org/project/litlogger/) to enable LitLogger, which logs metrics and artifacts automatically to the Lightning Experiments platform.
`Trainer(val_check_interval=1.0)` was configured so validation will run at the end of the training epoch..
16:57:10 | WARN  | manager.py  | User didn't specify seed, runs won't be exactly reproducible!
16:57:10 | INFO  | utils.py    | ── WorkingDirectory ──────────────────────────────
16:57:10 | INFO  | manager.py  |   cwd: /workspace/lejepa-MLProject
16:57:10 | INFO  | utils.py    | ── Seed ──────────────────────────────────────────
16:57:10 | INFO  | manager.py  |   seed: None
/workspace/jepa/lib/python3.11/site-packages/lightning/fabric/utilities/seed.py:44: No seed found, seed set to 0
Seed set to 0
16:57:10 | INFO  | utils.py    | ── CSVLogger ─────────────────────────────────────
16:57:10 | INFO  | manager.py  |   root_dir: /workspace/lejepa-MLProject/logs/lightning_logs
16:57:10 | INFO  | manager.py  |   save_dir: /workspace/lejepa-MLProject/logs
16:57:10 | INFO  | manager.py  |   log_dir: /workspace/lejepa-MLProject/logs/lightning_logs/version_8
16:57:10 | INFO  | utils.py    | ── SignalHandlers ────────────────────────────────
16:57:10 | INFO  | manager.py  |   SIGUSR1: `0`
16:57:10 | INFO  | manager.py  |   SIGUSR2: `0`
16:57:10 | INFO  | manager.py  |   SIGCONT: `0`
16:57:10 | INFO  | manager.py  |   SIGTERM: `0`
16:57:10 | INFO  | utils.py    | ── Callbacks ─────────────────────────────────────
16:57:10 | INFO  | manager.py  |   count: 19
16:57:10 | INFO  | utils.py    | ── CheckpointingSetup ────────────────────────────
16:57:10 | INFO  | manager.py  |   Checkpointing: A user-defined `ModelCheckpoint` callback was found. It will be used for saving checkpoints.
16:57:10 | INFO  | manager.py  |   The `Manager` will not manage resuming from a specific path as `manager.ckpt_path` was not provided.
16:57:10 | INFO  | utils.py    | ── TrainerFit ────────────────────────────────────
16:57:10 | INFO  | manager.py  |   ckpt_path: None
16:57:10 | INFO  | manager.py  |   resume_weights_only: False
16:57:10 | OK    | module.py   | ✓ dataset for TrainerFn.FITTING loaded
16:57:10 | INFO  | module.py   |   setup was done by user
16:57:10 | INFO  | queue.py    |   no queue found for key 'embedding', creating new OnlineQueue with length=1000, dim=768, dtype=torch.float32
16:57:10 | INFO  | utils.py    | ── OnlineQueue ───────────────────────────────────
16:57:10 | INFO  | queue.py    |   key: embedding
16:57:10 | INFO  | queue.py    |   requested_length: 1000
16:57:10 | INFO  | queue.py    |   dim: 768
16:57:10 | INFO  | queue.py    |   dtype: torch.float32
16:57:10 | INFO  | queue.py    |   created shared queue for 'embedding' with size 1000
16:57:10 | INFO  | rankme.py   |   target queue: embedding
16:57:10 | INFO  | trainer_inf~|   linking trainer to DataModule
16:57:10 | INFO  | utils.py    | ── EnvironmentDump ───────────────────────────────
16:57:10 | INFO  | env_info.py |   log_dir: /workspace/lejepa-MLProject/logs
16:57:10 | INFO  | env_info.py |   Running environment dump in background thread (non-blocking)
16:57:10 | INFO  | env_info.py |   Collecting environment information...
16:57:10 | OK    | env_info.py | ✓ Background thread started successfully
16:57:10 | OK    | env_info.py | ✓ Python 3.11.10
16:57:10 | INFO  | trainer_inf~|   linking trainer to DataModule
16:57:10 | INFO  | utils.py    | ── SklearnCheckpoint ─────────────────────────────
16:57:10 | INFO  | checkpoint_~|   Sklearn Modules:
16:57:10 | INFO  | checkpoint_~| 
┏━━━━━━━━━━┳━━━━━━━━┳━━━━━━━━┓
┃ Module   ┃ Name   ┃ Type   ┃
┣━━━━━━━━━━╋━━━━━━━━╋━━━━━━━━┫
┗━━━━━━━━━━┻━━━━━━━━┻━━━━━━━━┛
16:57:10 | INFO  | utils.py    | ── WandbCheckpoint ───────────────────────────────
16:57:10 | INFO  | utils.py    | ── PyTorch Modules ───────────────────────────────
16:57:10 | WARN  | module.py   | ! You are calling self.parameters which also gives callbacks parameters, to remove them, pass `with_callbacks=False`
16:57:10 | INFO  | trainer_inf~| \n+-------------------------------------------+----------------------+--------------------------+--------------------------+---------+
| Module                                    | Trainable parameters | Non Trainable parameters | Uninitialized parameters | Buffers |
+-------------------------------------------+----------------------+--------------------------+--------------------------+---------+
|                                           |             92496640 |                        0 |                        0 |  777250 |
| callbacks_modules                         |                    0 |                        0 |                        0 |  769004 |
| callbacks_modules.ordered_queue_embedding |                    0 |                        0 |                        0 |  769004 |
| callbacks_metrics                         |                    0 |                        0 |                        0 |       0 |
| model                                     |             92496640 |                        0 |                        0 |    8246 |
| model.callbacks_modules                   |                    0 |                        0 |                        0 |       0 |
| model.callbacks_metrics                   |                    0 |                        0 |                        0 |       0 |
| model.backbone                            |             85798656 |                        0 |                        0 |       0 |
| model.backbone.patch_embed                |               590592 |                        0 |                        0 |       0 |
| model.backbone.patch_embed.proj           |               590592 |                        0 |                        0 |       0 |
| model.backbone.patch_embed.norm           |                    0 |                        0 |                        0 |       0 |
| model.backbone.pos_drop                   |                    0 |                        0 |                        0 |       0 |
| model.backbone.patch_drop                 |                    0 |                        0 |                        0 |       0 |
| model.backbone.norm_pre                   |                    0 |                        0 |                        0 |       0 |
| model.backbone.blocks                     |             85054464 |                        0 |                        0 |       0 |
| model.backbone.blocks.0                   |              7087872 |                        0 |                        0 |       0 |
| model.backbone.blocks.0.norm1             |                 1536 |                        0 |                        0 |       0 |
| model.backbone.blocks.0.attn              |              2362368 |                        0 |                        0 |       0 |
| model.backbone.blocks.0.attn.qkv          |              1771776 |                        0 |                        0 |       0 |
| model.backbone.blocks.0.attn.q_norm       |                    0 |                        0 |                        0 |       0 |
| model.backbone.blocks.0.attn.k_norm       |                    0 |                        0 |                        0 |       0 |
| model.backbone.blocks.0.attn.attn_drop    |                    0 |                        0 |                        0 |       0 |
| model.backbone.blocks.0.attn.norm         |                    0 |                        0 |                        0 |       0 |
| model.backbone.blocks.0.attn.proj         |               590592 |                        0 |                        0 |       0 |
| model.backbone.blocks.0.attn.proj_drop    |                    0 |                        0 |                        0 |       0 |
| model.backbone.blocks.0.ls1               |                    0 |                        0 |                        0 |       0 |
| model.backbone.blocks.0.drop_path1        |                    0 |                        0 |                        0 |       0 |
| model.backbone.blocks.0.norm2             |                 1536 |                        0 |                        0 |       0 |
| model.backbone.blocks.0.mlp               |              4722432 |                        0 |                        0 |       0 |
| model.backbone.blocks.0.mlp.fc1           |              2362368 |                        0 |                        0 |       0 |
| model.backbone.blocks.0.mlp.act           |                    0 |                        0 |                        0 |       0 |
| model.backbone.blocks.0.mlp.drop1         |                    0 |                        0 |                        0 |       0 |
| model.backbone.blocks.0.mlp.norm          |                    0 |                        0 |                        0 |       0 |
| model.backbone.blocks.0.mlp.fc2           |              2360064 |                        0 |                        0 |       0 |
| model.backbone.blocks.0.mlp.drop2         |                    0 |                        0 |                        0 |       0 |
| model.backbone.blocks.0.ls2               |                    0 |                        0 |                        0 |       0 |
| model.backbone.blocks.0.drop_path2        |                    0 |                        0 |                        0 |       0 |
| model.backbone.blocks.1                   |              7087872 |                        0 |                        0 |       0 |
| model.backbone.blocks.1.norm1             |                 1536 |                        0 |                        0 |       0 |
| model.backbone.blocks.1.attn              |              2362368 |                        0 |                        0 |       0 |
| model.backbone.blocks.1.attn.qkv          |              1771776 |                        0 |                        0 |       0 |
| model.backbone.blocks.1.attn.q_norm       |                    0 |                        0 |                        0 |       0 |
| model.backbone.blocks.1.attn.k_norm       |                    0 |                        0 |                        0 |       0 |
| model.backbone.blocks.1.attn.attn_drop    |                    0 |                        0 |                        0 |       0 |
| model.backbone.blocks.1.attn.norm         |                    0 |                        0 |                        0 |       0 |
| model.backbone.blocks.1.attn.proj         |               590592 |                        0 |                        0 |       0 |
| model.backbone.blocks.1.attn.proj_drop    |                    0 |                        0 |                        0 |       0 |
| model.backbone.blocks.1.ls1               |                    0 |                        0 |                        0 |       0 |
| model.backbone.blocks.1.drop_path1        |                    0 |                        0 |                        0 |       0 |
| model.backbone.blocks.1.norm2             |                 1536 |                        0 |                        0 |       0 |
| model.backbone.blocks.1.mlp               |              4722432 |                        0 |                        0 |       0 |
| model.backbone.blocks.1.mlp.fc1           |              2362368 |                        0 |                        0 |       0 |
| model.backbone.blocks.1.mlp.act           |                    0 |                        0 |                        0 |       0 |
| model.backbone.blocks.1.mlp.drop1         |                    0 |                        0 |                        0 |       0 |
| model.backbone.blocks.1.mlp.norm          |                    0 |                        0 |                        0 |       0 |
| model.backbone.blocks.1.mlp.fc2           |              2360064 |                        0 |                        0 |       0 |
| model.backbone.blocks.1.mlp.drop2         |                    0 |                        0 |                        0 |       0 |
| model.backbone.blocks.1.ls2               |                    0 |                        0 |                        0 |       0 |
| model.backbone.blocks.1.drop_path2        |                    0 |                        0 |                        0 |       0 |
| model.backbone.blocks.2                   |              7087872 |                        0 |                        0 |       0 |
| model.backbone.blocks.2.norm1             |                 1536 |                        0 |                        0 |       0 |
| model.backbone.blocks.2.attn              |              2362368 |                        0 |                        0 |       0 |
| model.backbone.blocks.2.attn.qkv          |              1771776 |                        0 |                        0 |       0 |
| model.backbone.blocks.2.attn.q_norm       |                    0 |                        0 |                        0 |       0 |
| model.backbone.blocks.2.attn.k_norm       |                    0 |                        0 |                        0 |       0 |
| model.backbone.blocks.2.attn.attn_drop    |                    0 |                        0 |                        0 |       0 |
| model.backbone.blocks.2.attn.norm         |                    0 |                        0 |                        0 |       0 |
| model.backbone.blocks.2.attn.proj         |               590592 |                        0 |                        0 |       0 |
| model.backbone.blocks.2.attn.proj_drop    |                    0 |                        0 |                        0 |       0 |
| model.backbone.blocks.2.ls1               |                    0 |                        0 |                        0 |       0 |
| model.backbone.blocks.2.drop_path1        |                    0 |                        0 |                        0 |       0 |
| model.backbone.blocks.2.norm2             |                 1536 |                        0 |                        0 |       0 |
| model.backbone.blocks.2.mlp               |              4722432 |                        0 |                        0 |       0 |
| model.backbone.blocks.2.mlp.fc1           |              2362368 |                        0 |                        0 |       0 |
| model.backbone.blocks.2.mlp.act           |                    0 |                        0 |                        0 |       0 |
| model.backbone.blocks.2.mlp.drop1         |                    0 |                        0 |                        0 |       0 |
| model.backbone.blocks.2.mlp.norm          |                    0 |                        0 |                        0 |       0 |
| model.backbone.blocks.2.mlp.fc2           |              2360064 |                        0 |                        0 |       0 |
| model.backbone.blocks.2.mlp.drop2         |                    0 |                        0 |                        0 |       0 |
| model.backbone.blocks.2.ls2               |                    0 |                        0 |                        0 |       0 |
| model.backbone.blocks.2.drop_path2        |                    0 |                        0 |                        0 |       0 |
| model.backbone.blocks.3                   |              7087872 |                        0 |                        0 |       0 |
| model.backbone.blocks.3.norm1             |                 1536 |                        0 |                        0 |       0 |
| model.backbone.blocks.3.attn              |              2362368 |                        0 |                        0 |       0 |
| model.backbone.blocks.3.attn.qkv          |              1771776 |                        0 |                        0 |       0 |
| model.backbone.blocks.3.attn.q_norm       |                    0 |                        0 |                        0 |       0 |
| model.backbone.blocks.3.attn.k_norm       |                    0 |                        0 |                        0 |       0 |
| model.backbone.blocks.3.attn.attn_drop    |                    0 |                        0 |                        0 |       0 |
| model.backbone.blocks.3.attn.norm         |                    0 |                        0 |                        0 |       0 |
| model.backbone.blocks.3.attn.proj         |               590592 |                        0 |                        0 |       0 |
| model.backbone.blocks.3.attn.proj_drop    |                    0 |                        0 |                        0 |       0 |
| model.backbone.blocks.3.ls1               |                    0 |                        0 |                        0 |       0 |
| model.backbone.blocks.3.drop_path1        |                    0 |                        0 |                        0 |       0 |
| model.backbone.blocks.3.norm2             |                 1536 |                        0 |                        0 |       0 |
| model.backbone.blocks.3.mlp               |              4722432 |                        0 |                        0 |       0 |
| model.backbone.blocks.3.mlp.fc1           |              2362368 |                        0 |                        0 |       0 |
| model.backbone.blocks.3.mlp.act           |                    0 |                        0 |                        0 |       0 |
| model.backbone.blocks.3.mlp.drop1         |                    0 |                        0 |                        0 |       0 |
| model.backbone.blocks.3.mlp.norm          |                    0 |                        0 |                        0 |       0 |
| model.backbone.blocks.3.mlp.fc2           |              2360064 |                        0 |                        0 |       0 |
| model.backbone.blocks.3.mlp.drop2         |                    0 |                        0 |                        0 |       0 |
| model.backbone.blocks.3.ls2               |                    0 |                        0 |                        0 |       0 |
| model.backbone.blocks.3.drop_path2        |                    0 |                        0 |                        0 |       0 |
| model.backbone.blocks.4                   |              7087872 |                        0 |                        0 |       0 |
| model.backbone.blocks.4.norm1             |                 1536 |                        0 |                        0 |       0 |
| model.backbone.blocks.4.attn              |              2362368 |                        0 |                        0 |       0 |
| model.backbone.blocks.4.attn.qkv          |              1771776 |                        0 |                        0 |       0 |
| model.backbone.blocks.4.attn.q_norm       |                    0 |                        0 |                        0 |       0 |
| model.backbone.blocks.4.attn.k_norm       |                    0 |                        0 |                        0 |       0 |
| model.backbone.blocks.4.attn.attn_drop    |                    0 |                        0 |                        0 |       0 |
| model.backbone.blocks.4.attn.norm         |                    0 |                        0 |                        0 |       0 |
| model.backbone.blocks.4.attn.proj         |               590592 |                        0 |                        0 |       0 |
| model.backbone.blocks.4.attn.proj_drop    |                    0 |                        0 |                        0 |       0 |
| model.backbone.blocks.4.ls1               |                    0 |                        0 |                        0 |       0 |
| model.backbone.blocks.4.drop_path1        |                    0 |                        0 |                        0 |       0 |
| model.backbone.blocks.4.norm2             |                 1536 |                        0 |                        0 |       0 |
| model.backbone.blocks.4.mlp               |              4722432 |                        0 |                        0 |       0 |
| model.backbone.blocks.4.mlp.fc1           |              2362368 |                        0 |                        0 |       0 |
| model.backbone.blocks.4.mlp.act           |                    0 |                        0 |                        0 |       0 |
| model.backbone.blocks.4.mlp.drop1         |                    0 |                        0 |                        0 |       0 |
| model.backbone.blocks.4.mlp.norm          |                    0 |                        0 |                        0 |       0 |
| model.backbone.blocks.4.mlp.fc2           |              2360064 |                        0 |                        0 |       0 |
| model.backbone.blocks.4.mlp.drop2         |                    0 |                        0 |                        0 |       0 |
| model.backbone.blocks.4.ls2               |                    0 |                        0 |                        0 |       0 |
| model.backbone.blocks.4.drop_path2        |                    0 |                        0 |                        0 |       0 |
| model.backbone.blocks.5                   |              7087872 |                        0 |                        0 |       0 |
| model.backbone.blocks.5.norm1             |                 1536 |                        0 |                        0 |       0 |
| model.backbone.blocks.5.attn              |              2362368 |                        0 |                        0 |       0 |
| model.backbone.blocks.5.attn.qkv          |              1771776 |                        0 |                        0 |       0 |
| model.backbone.blocks.5.attn.q_norm       |                    0 |                        0 |                        0 |       0 |
| model.backbone.blocks.5.attn.k_norm       |                    0 |                        0 |                        0 |       0 |
| model.backbone.blocks.5.attn.attn_drop    |                    0 |                        0 |                        0 |       0 |
| model.backbone.blocks.5.attn.norm         |                    0 |                        0 |                        0 |       0 |
| model.backbone.blocks.5.attn.proj         |               590592 |                        0 |                        0 |       0 |
| model.backbone.blocks.5.attn.proj_drop    |                    0 |                        0 |                        0 |       0 |
| model.backbone.blocks.5.ls1               |                    0 |                        0 |                        0 |       0 |
| model.backbone.blocks.5.drop_path1        |                    0 |                        0 |                        0 |       0 |
| model.backbone.blocks.5.norm2             |                 1536 |                        0 |                        0 |       0 |
| model.backbone.blocks.5.mlp               |              4722432 |                        0 |                        0 |       0 |
| model.backbone.blocks.5.mlp.fc1           |              2362368 |                        0 |                        0 |       0 |
| model.backbone.blocks.5.mlp.act           |                    0 |                        0 |                        0 |       0 |
| model.backbone.blocks.5.mlp.drop1         |                    0 |                        0 |                        0 |       0 |
| model.backbone.blocks.5.mlp.norm          |                    0 |                        0 |                        0 |       0 |
| model.backbone.blocks.5.mlp.fc2           |              2360064 |                        0 |                        0 |       0 |
| model.backbone.blocks.5.mlp.drop2         |                    0 |                        0 |                        0 |       0 |
| model.backbone.blocks.5.ls2               |                    0 |                        0 |                        0 |       0 |
| model.backbone.blocks.5.drop_path2        |                    0 |                        0 |                        0 |       0 |
| model.backbone.blocks.6                   |              7087872 |                        0 |                        0 |       0 |
| model.backbone.blocks.6.norm1             |                 1536 |                        0 |                        0 |       0 |
| model.backbone.blocks.6.attn              |              2362368 |                        0 |                        0 |       0 |
| model.backbone.blocks.6.attn.qkv          |              1771776 |                        0 |                        0 |       0 |
| model.backbone.blocks.6.attn.q_norm       |                    0 |                        0 |                        0 |       0 |
| model.backbone.blocks.6.attn.k_norm       |                    0 |                        0 |                        0 |       0 |
| model.backbone.blocks.6.attn.attn_drop    |                    0 |                        0 |                        0 |       0 |
| model.backbone.blocks.6.attn.norm         |                    0 |                        0 |                        0 |       0 |
| model.backbone.blocks.6.attn.proj         |               590592 |                        0 |                        0 |       0 |
| model.backbone.blocks.6.attn.proj_drop    |                    0 |                        0 |                        0 |       0 |
| model.backbone.blocks.6.ls1               |                    0 |                        0 |                        0 |       0 |
| model.backbone.blocks.6.drop_path1        |                    0 |                        0 |                        0 |       0 |
| model.backbone.blocks.6.norm2             |                 1536 |                        0 |                        0 |       0 |
| model.backbone.blocks.6.mlp               |              4722432 |                        0 |                        0 |       0 |
| model.backbone.blocks.6.mlp.fc1           |              2362368 |                        0 |                        0 |       0 |
| model.backbone.blocks.6.mlp.act           |                    0 |                        0 |                        0 |       0 |
| model.backbone.blocks.6.mlp.drop1         |                    0 |                        0 |                        0 |       0 |
| model.backbone.blocks.6.mlp.norm          |                    0 |                        0 |                        0 |       0 |
| model.backbone.blocks.6.mlp.fc2           |              2360064 |                        0 |                        0 |       0 |
| model.backbone.blocks.6.mlp.drop2         |                    0 |                        0 |                        0 |       0 |
| model.backbone.blocks.6.ls2               |                    0 |                        0 |                        0 |       0 |
| model.backbone.blocks.6.drop_path2        |                    0 |                        0 |                        0 |       0 |
| model.backbone.blocks.7                   |              7087872 |                        0 |                        0 |       0 |
| model.backbone.blocks.7.norm1             |                 1536 |                        0 |                        0 |       0 |
| model.backbone.blocks.7.attn              |              2362368 |                        0 |                        0 |       0 |
| model.backbone.blocks.7.attn.qkv          |              1771776 |                        0 |                        0 |       0 |
| model.backbone.blocks.7.attn.q_norm       |                    0 |                        0 |                        0 |       0 |
| model.backbone.blocks.7.attn.k_norm       |                    0 |                        0 |                        0 |       0 |
| model.backbone.blocks.7.attn.attn_drop    |                    0 |                        0 |                        0 |       0 |
| model.backbone.blocks.7.attn.norm         |                    0 |                        0 |                        0 |       0 |
| model.backbone.blocks.7.attn.proj         |               590592 |                        0 |                        0 |       0 |
| model.backbone.blocks.7.attn.proj_drop    |                    0 |                        0 |                        0 |       0 |
| model.backbone.blocks.7.ls1               |                    0 |                        0 |                        0 |       0 |
| model.backbone.blocks.7.drop_path1        |                    0 |                        0 |                        0 |       0 |
| model.backbone.blocks.7.norm2             |                 1536 |                        0 |                        0 |       0 |
| model.backbone.blocks.7.mlp               |              4722432 |                        0 |                        0 |       0 |
| model.backbone.blocks.7.mlp.fc1           |              2362368 |                        0 |                        0 |       0 |
| model.backbone.blocks.7.mlp.act           |                    0 |                        0 |                        0 |       0 |
| model.backbone.blocks.7.mlp.drop1         |                    0 |                        0 |                        0 |       0 |
| model.backbone.blocks.7.mlp.norm          |                    0 |                        0 |                        0 |       0 |
| model.backbone.blocks.7.mlp.fc2           |              2360064 |                        0 |                        0 |       0 |
| model.backbone.blocks.7.mlp.drop2         |                    0 |                        0 |                        0 |       0 |
| model.backbone.blocks.7.ls2               |                    0 |                        0 |                        0 |       0 |
| model.backbone.blocks.7.drop_path2        |                    0 |                        0 |                        0 |       0 |
| model.backbone.blocks.8                   |              7087872 |                        0 |                        0 |       0 |
| model.backbone.blocks.8.norm1             |                 1536 |                        0 |                        0 |       0 |
| model.backbone.blocks.8.attn              |              2362368 |                        0 |                        0 |       0 |
| model.backbone.blocks.8.attn.qkv          |              1771776 |                        0 |                        0 |       0 |
| model.backbone.blocks.8.attn.q_norm       |                    0 |                        0 |                        0 |       0 |
| model.backbone.blocks.8.attn.k_norm       |                    0 |                        0 |                        0 |       0 |
| model.backbone.blocks.8.attn.attn_drop    |                    0 |                        0 |                        0 |       0 |
| model.backbone.blocks.8.attn.norm         |                    0 |                        0 |                        0 |       0 |
| model.backbone.blocks.8.attn.proj         |               590592 |                        0 |                        0 |       0 |
| model.backbone.blocks.8.attn.proj_drop    |                    0 |                        0 |                        0 |       0 |
| model.backbone.blocks.8.ls1               |                    0 |                        0 |                        0 |       0 |
| model.backbone.blocks.8.drop_path1        |                    0 |                        0 |                        0 |       0 |
| model.backbone.blocks.8.norm2             |                 1536 |                        0 |                        0 |       0 |
| model.backbone.blocks.8.mlp               |              4722432 |                        0 |                        0 |       0 |
| model.backbone.blocks.8.mlp.fc1           |              2362368 |                        0 |                        0 |       0 |
| model.backbone.blocks.8.mlp.act           |                    0 |                        0 |                        0 |       0 |
| model.backbone.blocks.8.mlp.drop1         |                    0 |                        0 |                        0 |       0 |
| model.backbone.blocks.8.mlp.norm          |                    0 |                        0 |                        0 |       0 |
| model.backbone.blocks.8.mlp.fc2           |              2360064 |                        0 |                        0 |       0 |
| model.backbone.blocks.8.mlp.drop2         |                    0 |                        0 |                        0 |       0 |
| model.backbone.blocks.8.ls2               |                    0 |                        0 |                        0 |       0 |
| model.backbone.blocks.8.drop_path2        |                    0 |                        0 |                        0 |       0 |
| model.backbone.blocks.9                   |              7087872 |                        0 |                        0 |       0 |
| model.backbone.blocks.9.norm1             |                 1536 |                        0 |                        0 |       0 |
| model.backbone.blocks.9.attn              |              2362368 |                        0 |                        0 |       0 |
| model.backbone.blocks.9.attn.qkv          |              1771776 |                        0 |                        0 |       0 |
| model.backbone.blocks.9.attn.q_norm       |                    0 |                        0 |                        0 |       0 |
| model.backbone.blocks.9.attn.k_norm       |                    0 |                        0 |                        0 |       0 |
| model.backbone.blocks.9.attn.attn_drop    |                    0 |                        0 |                        0 |       0 |
| model.backbone.blocks.9.attn.norm         |                    0 |                        0 |                        0 |       0 |
| model.backbone.blocks.9.attn.proj         |               590592 |                        0 |                        0 |       0 |
| model.backbone.blocks.9.attn.proj_drop    |                    0 |                        0 |                        0 |       0 |
| model.backbone.blocks.9.ls1               |                    0 |                        0 |                        0 |       0 |
| model.backbone.blocks.9.drop_path1        |                    0 |                        0 |                        0 |       0 |
| model.backbone.blocks.9.norm2             |                 1536 |                        0 |                        0 |       0 |
| model.backbone.blocks.9.mlp               |              4722432 |                        0 |                        0 |       0 |
| model.backbone.blocks.9.mlp.fc1           |              2362368 |                        0 |                        0 |       0 |
| model.backbone.blocks.9.mlp.act           |                    0 |                        0 |                        0 |       0 |
| model.backbone.blocks.9.mlp.drop1         |                    0 |                        0 |                        0 |       0 |
| model.backbone.blocks.9.mlp.norm          |                    0 |                        0 |                        0 |       0 |
| model.backbone.blocks.9.mlp.fc2           |              2360064 |                        0 |                        0 |       0 |
| model.backbone.blocks.9.mlp.drop2         |                    0 |                        0 |                        0 |       0 |
| model.backbone.blocks.9.ls2               |                    0 |                        0 |                        0 |       0 |
| model.backbone.blocks.9.drop_path2        |                    0 |                        0 |                        0 |       0 |
| model.backbone.blocks.10                  |              7087872 |                        0 |                        0 |       0 |
| model.backbone.blocks.10.norm1            |                 1536 |                        0 |                        0 |       0 |
| model.backbone.blocks.10.attn             |              2362368 |                        0 |                        0 |       0 |
| model.backbone.blocks.10.attn.qkv         |              1771776 |                        0 |                        0 |       0 |
| model.backbone.blocks.10.attn.q_norm      |                    0 |                        0 |                        0 |       0 |
| model.backbone.blocks.10.attn.k_norm      |                    0 |                        0 |                        0 |       0 |
| model.backbone.blocks.10.attn.attn_drop   |                    0 |                        0 |                        0 |       0 |
| model.backbone.blocks.10.attn.norm        |                    0 |                        0 |                        0 |       0 |
| model.backbone.blocks.10.attn.proj        |               590592 |                        0 |                        0 |       0 |
| model.backbone.blocks.10.attn.proj_drop   |                    0 |                        0 |                        0 |       0 |
| model.backbone.blocks.10.ls1              |                    0 |                        0 |                        0 |       0 |
| model.backbone.blocks.10.drop_path1       |                    0 |                        0 |                        0 |       0 |
| model.backbone.blocks.10.norm2            |                 1536 |                        0 |                        0 |       0 |
| model.backbone.blocks.10.mlp              |              4722432 |                        0 |                        0 |       0 |
| model.backbone.blocks.10.mlp.fc1          |              2362368 |                        0 |                        0 |       0 |
| model.backbone.blocks.10.mlp.act          |                    0 |                        0 |                        0 |       0 |
| model.backbone.blocks.10.mlp.drop1        |                    0 |                        0 |                        0 |       0 |
| model.backbone.blocks.10.mlp.norm         |                    0 |                        0 |                        0 |       0 |
| model.backbone.blocks.10.mlp.fc2          |              2360064 |                        0 |                        0 |       0 |
| model.backbone.blocks.10.mlp.drop2        |                    0 |                        0 |                        0 |       0 |
| model.backbone.blocks.10.ls2              |                    0 |                        0 |                        0 |       0 |
| model.backbone.blocks.10.drop_path2       |                    0 |                        0 |                        0 |       0 |
| model.backbone.blocks.11                  |              7087872 |                        0 |                        0 |       0 |
| model.backbone.blocks.11.norm1            |                 1536 |                        0 |                        0 |       0 |
| model.backbone.blocks.11.attn             |              2362368 |                        0 |                        0 |       0 |
| model.backbone.blocks.11.attn.qkv         |              1771776 |                        0 |                        0 |       0 |
| model.backbone.blocks.11.attn.q_norm      |                    0 |                        0 |                        0 |       0 |
| model.backbone.blocks.11.attn.k_norm      |                    0 |                        0 |                        0 |       0 |
| model.backbone.blocks.11.attn.attn_drop   |                    0 |                        0 |                        0 |       0 |
| model.backbone.blocks.11.attn.norm        |                    0 |                        0 |                        0 |       0 |
| model.backbone.blocks.11.attn.proj        |               590592 |                        0 |                        0 |       0 |
| model.backbone.blocks.11.attn.proj_drop   |                    0 |                        0 |                        0 |       0 |
| model.backbone.blocks.11.ls1              |                    0 |                        0 |                        0 |       0 |
| model.backbone.blocks.11.drop_path1       |                    0 |                        0 |                        0 |       0 |
| model.backbone.blocks.11.norm2            |                 1536 |                        0 |                        0 |       0 |
| model.backbone.blocks.11.mlp              |              4722432 |                        0 |                        0 |       0 |
| model.backbone.blocks.11.mlp.fc1          |              2362368 |                        0 |                        0 |       0 |
| model.backbone.blocks.11.mlp.act          |                    0 |                        0 |                        0 |       0 |
| model.backbone.blocks.11.mlp.drop1        |                    0 |                        0 |                        0 |       0 |
| model.backbone.blocks.11.mlp.norm         |                    0 |                        0 |                        0 |       0 |
| model.backbone.blocks.11.mlp.fc2          |              2360064 |                        0 |                        0 |       0 |
| model.backbone.blocks.11.mlp.drop2        |                    0 |                        0 |                        0 |       0 |
| model.backbone.blocks.11.ls2              |                    0 |                        0 |                        0 |       0 |
| model.backbone.blocks.11.drop_path2       |                    0 |                        0 |                        0 |       0 |
| model.backbone.norm                       |                 1536 |                        0 |                        0 |       0 |
| model.backbone.fc_norm                    |                    0 |                        0 |                        0 |       0 |
| model.backbone.head_drop                  |                    0 |                        0 |                        0 |       0 |
| model.backbone.head                       |                    0 |                        0 |                        0 |       0 |
| model.projector                           |              6697984 |                        0 |                        0 |    8194 |
| model.projector.0                         |               393728 |                        0 |                        0 |       0 |
| model.projector.1                         |              6304256 |                        0 |                        0 |    8194 |
| model.projector.1.0                       |              1050624 |                        0 |                        0 |       0 |
| model.projector.1.1                       |                 4096 |                        0 |                        0 |    4097 |
| model.projector.1.2                       |                    0 |                        0 |                        0 |       0 |
| model.projector.1.3                       |                    0 |                        0 |                        0 |       0 |
| model.projector.1.4                       |              4196352 |                        0 |                        0 |       0 |
| model.projector.1.5                       |                 4096 |                        0 |                        0 |    4097 |
| model.projector.1.6                       |                    0 |                        0 |                        0 |       0 |
| model.projector.1.7                       |                    0 |                        0 |                        0 |       0 |
| model.projector.1.8                       |              1049088 |                        0 |                        0 |       0 |
| model.projector.1.9                       |                    0 |                        0 |                        0 |       0 |
| model.sigreg                              |                    0 |                        0 |                        0 |      52 |
| model.sigreg.ep                           |                    0 |                        0 |                        0 |      51 |
+-------------------------------------------+----------------------+--------------------------+--------------------------+---------+
16:57:10 | OK    | env_info.py | ✓ System: Linux 6.8.0-110-generic (x86_64)
16:57:10 | INFO  | utils.py    | ── SLURM ─────────────────────────────────────────
16:57:10 | INFO  | env_info.py |   Hostname: d331a8a0ccad
16:57:10 | INFO  | trainer_inf~|   Job ID: N/A
16:57:10 | INFO  | trainer_inf~|   Task ID: N/A
16:57:10 | INFO  | trainer_inf~|   Job Name: N/A
16:57:10 | INFO  | trainer_inf~|   Nodes: N/A
16:57:10 | INFO  | trainer_inf~|   Tasks: N/A
16:57:10 | INFO  | trainer_inf~|   CPUs per node: N/A
16:57:10 | INFO  | trainer_inf~|   CPUs per task: N/A
16:57:10 | INFO  | trainer_inf~|   Memory per node: N/A
16:57:10 | INFO  | trainer_inf~|   Memory per CPU: N/A
16:57:10 | INFO  | trainer_inf~|   Time limit: N/A
16:57:10 | INFO  | trainer_inf~|   Partition: N/A
16:57:10 | INFO  | trainer_inf~|   Node List: N/A
16:57:10 | INFO  | trainer_inf~|   Submit Directory: N/A
16:57:10 | INFO  | utils.py    |   storing module in callbacks_modules
16:57:10 | INFO  | utils.py    |   setting up metrics
LOCAL_RANK: 0 - CUDA_VISIBLE_DEVICES: [0]
16:57:10 | INFO  | utils.py    | ── Optimizers ────────────────────────────────────
16:57:10 | INFO  | module.py   |   Configuring single optimizer.
Loading `train_dataloader` to estimate number of stepping batches.
16:57:10 | WARN  | module.py   | could not set pl_trainer to train dataset
/workspace/jepa/lib/python3.11/site-packages/lightning/pytorch/utilities/_pytree.py:21: `isinstance(treespec, LeafSpec)` is deprecated, use `isinstance(treespec, TreeSpec) and treespec.is_leaf()` instead.
16:57:11 | INFO  | lr_schedule~| 	User provided a dict
16:57:11 | INFO  | module.py   |   Configured AdamW optimizer with LinearWarmupCosineAnnealing scheduler.
16:57:11 | INFO  | utils.py    |   using explicitly provided optimizer
16:57:11 | INFO  | utils.py    |   no scheduler given, using default ConstantLR
/workspace/jepa/lib/python3.11/site-packages/lightning/pytorch/utilities/model_summary/model_summary.py:242: Precision bf16-mixed is not supported by the model summary.  Estimated model size in MB will not be accurate. Using 32 bits instead.
┏━━━┳━━━━━━━━━━━━━━━━━━━┳━━━━━━━━━━━━┳━━━━━━━━┳━━━━━━━┳━━━━━━━┓
┃   ┃ Name              ┃ Type       ┃ Params ┃ Mode  ┃ FLOPs ┃
┡━━━╇━━━━━━━━━━━━━━━━━━━╇━━━━━━━━━━━━╇━━━━━━━━╇━━━━━━━╇━━━━━━━┩
│ 0 │ callbacks_modules │ ModuleDict │  769 K │ train │     0 │
│ 1 │ callbacks_metrics │ ModuleDict │      0 │ train │     0 │
│ 2 │ model             │ LeJEPA     │ 92.5 M │ train │     0 │
└───┴───────────────────┴────────────┴────────┴───────┴───────┘
Trainable params: 93.3 M                                                        
Non-trainable params: 0                                                         
Total params: 93.3 M                                                            
Total estimated model params size (MB): 373                                     
Modules in train mode: 303                                                      
Modules in eval mode: 0                                                         
Total FLOPs: 0                                                                  
16:57:11 | WARN  | module.py   | could not set pl_trainer to train dataset
16:57:11 | WARN  | hf_models.py| ! No Hugging Face (PreTrainedModel) submodules found in LightningModule.
16:57:11 | INFO  | utils.py    | ── Optimizers ────────────────────────────────────
16:57:11 | INFO  | module.py   |   self.optimizers() gave us 2 optimizers
16:57:11 | WARN  | module.py   | ! No clip val found for optimizer default_0
16:57:11 | WARN  | module.py   | ! Will use the Trainer's value of None
16:57:11 | WARN  | module.py   | ! No clip algorithm found for optimizer default_0
16:57:11 | WARN  | module.py   | ! Will use the Trainer's value of None
16:57:11 | OK    | module.py   | ✓ Optimizer check complete:
+------------+------------+----------------+-----------+-----------+
| Opt. Index | Opt. name  |      opt       | clip val. | clip alg. |
+------------+------------+----------------+-----------+-----------+
|     0      | default_0  | LightningAdamW |    None   |    None   |
|     1      | inet_probe | LightningAdamW |    None   |    norm   |
+------------+------------+----------------+-----------+-----------+
16:57:14 | INFO  | utils.py    | ── LogUnusedParametersOnce ───────────────────────
16:57:14 | INFO  | unused_para~|   registered hooks on 164 leaf parameters
16:57:14 | OK    | env_info.py | ✓ Packages: 123 packages collected in 3.84s
16:57:14 | OK    | env_info.py | ✓ NVIDIA Driver: 580.126.20
16:57:15 | OK    | env_info.py | ✓ Git: ml @ 76c85086
16:57:15 | INFO  | env_info.py |   Remote: https://github.com/NLPQuy/lejepa-MLProject.git
16:57:15 | WARN  | env_info.py | ! Working directory has uncommitted changes
16:57:15 | OK    | env_info.py | ✓ Environment: 4 relevant variables captured
16:57:15 | INFO  | env_info.py |   Serializing environment data...
16:57:15 | INFO  | env_info.py |   File exists, using version 7: environment_v7.json
16:57:15 | INFO  | env_info.py |   File exists, using version 7: requirements_frozen_v7.txt
16:57:15 | INFO  | env_info.py |   Save directory: /workspace/lejepa-MLProject/logs
16:57:15 | INFO  | env_info.py |   Writing environment to temp file...
16:57:15 | INFO  | env_info.py |   Moving to: environment_v7.json
16:57:15 | OK    | env_info.py | ✓ Environment file saved (9.0 KB)
16:57:15 | OK    | env_info.py | ✓ Requirements file saved (2.6 KB)
/workspace/jepa/lib/python3.11/site-packages/lightning/pytorch/utilities/data.py:79: Trying to infer the `batch_size` from an ambiguous collection. The batch size we found is 64. To avoid any miscalculations, use `self.log(..., batch_size=batch_size)`.
16:57:17 | OK    | unused_para~| ✓ all tracked parameters received gradients on the first backward pass
16:57:17 | INFO  | unused_para~|   hooks removed, callback disabled
/workspace/lejepa-MLProject/stable-pretraining/stable_pretraining/callbacks/queue.py:180: UserWarning: log('queue/embedding_fill_pct') called outside a training/validation step — metric buffered for next step
  _spt_log(
[Epoch 0/1] step 50/23862 (2.5 it/s)
[Epoch 0/1] step 100/23862 (2.9 it/s)
[Epoch 0/1] step 150/23862 (3.0 it/s)
[Epoch 0/1] step 200/23862 (3.1 it/s)
[Epoch 0/1] step 250/23862 (3.1 it/s)
[Epoch 0/1] step 300/23862 (3.2 it/s)
[Epoch 0/1] step 350/23862 (3.2 it/s)
[Epoch 0/1] step 400/23862 (3.2 it/s)
[Epoch 0/1] step 450/23862 (3.2 it/s)
[Epoch 0/1] step 500/23862 (3.2 it/s)
[Epoch 0/1] step 550/23862 (3.2 it/s)
[Epoch 0/1] step 600/23862 (3.3 it/s)
[Epoch 0/1] step 650/23862 (3.3 it/s)
[Epoch 0/1] step 700/23862 (3.3 it/s)
[Epoch 0/1] step 750/23862 (3.3 it/s)
[Epoch 0/1] step 800/23862 (3.3 it/s)
[Epoch 0/1] step 850/23862 (3.3 it/s)
[Epoch 0/1] step 900/23862 (3.3 it/s)
[Epoch 0/1] step 950/23862 (3.3 it/s)
[Epoch 0/1] step 1000/23862 (3.3 it/s)
[Epoch 0/1] step 1050/23862 (3.3 it/s)
[Epoch 0/1] step 1100/23862 (3.3 it/s)
[Epoch 0/1] step 1150/23862 (3.3 it/s)
[Epoch 0/1] step 1200/23862 (3.3 it/s)
[Epoch 0/1] step 1250/23862 (3.3 it/s)
[Epoch 0/1] step 1300/23862 (3.3 it/s)
[Epoch 0/1] step 1350/23862 (3.3 it/s)
[Epoch 0/1] step 1400/23862 (3.3 it/s)
[Epoch 0/1] step 1450/23862 (3.3 it/s)
[Epoch 0/1] step 1500/23862 (3.3 it/s)
[Epoch 0/1] step 1550/23862 (3.3 it/s)
[Epoch 0/1] step 1600/23862 (3.3 it/s)
[Epoch 0/1] step 1650/23862 (3.3 it/s)
[Epoch 0/1] step 1700/23862 (3.3 it/s)
[Epoch 0/1] step 1750/23862 (3.3 it/s)
[Epoch 0/1] step 1800/23862 (3.3 it/s)
[Epoch 0/1] step 1850/23862 (3.3 it/s)
[Epoch 0/1] step 1900/23862 (3.3 it/s)
[Epoch 0/1] step 1950/23862 (3.3 it/s)
[Epoch 0/1] step 2000/23862 (3.3 it/s)
[Epoch 0/1] step 2050/23862 (3.3 it/s)
[Epoch 0/1] step 2100/23862 (3.3 it/s)
[Epoch 0/1] step 2150/23862 (3.3 it/s)
[Epoch 0/1] step 2200/23862 (3.3 it/s)
[Epoch 0/1] step 2250/23862 (3.3 it/s)
[Epoch 0/1] step 2300/23862 (3.3 it/s)
[Epoch 0/1] step 2350/23862 (3.3 it/s)
[Epoch 0/1] step 2400/23862 (3.3 it/s)
[Epoch 0/1] step 2450/23862 (3.3 it/s)
[Epoch 0/1] step 2500/23862 (3.3 it/s)
[Epoch 0/1] step 2550/23862 (3.3 it/s)
[Epoch 0/1] step 2600/23862 (3.3 it/s)
[Epoch 0/1] step 2650/23862 (3.3 it/s)
[Epoch 0/1] step 2700/23862 (3.3 it/s)
[Epoch 0/1] step 2750/23862 (3.3 it/s)
[Epoch 0/1] step 2800/23862 (3.3 it/s)
[Epoch 0/1] step 2850/23862 (3.3 it/s)
[Epoch 0/1] step 2900/23862 (3.3 it/s)
[Epoch 0/1] step 2950/23862 (3.3 it/s)
[Epoch 0/1] step 3000/23862 (3.3 it/s)
[Epoch 0/1] step 3050/23862 (3.3 it/s)
[Epoch 0/1] step 3100/23862 (3.3 it/s)
[Epoch 0/1] step 3150/23862 (3.3 it/s)
[Epoch 0/1] step 3200/23862 (3.3 it/s)
[Epoch 0/1] step 3250/23862 (3.3 it/s)
[Epoch 0/1] step 3300/23862 (3.3 it/s)
[Epoch 0/1] step 3350/23862 (3.3 it/s)
[Epoch 0/1] step 3400/23862 (3.3 it/s)
[Epoch 0/1] step 3450/23862 (3.3 it/s)
[Epoch 0/1] step 3500/23862 (3.3 it/s)
[Epoch 0/1] step 3550/23862 (3.3 it/s)
[Epoch 0/1] step 3600/23862 (3.3 it/s)
[Epoch 0/1] step 3650/23862 (3.3 it/s)
[Epoch 0/1] step 3700/23862 (3.3 it/s)
[Epoch 0/1] step 3750/23862 (3.3 it/s)
[Epoch 0/1] step 3800/23862 (3.3 it/s)
[Epoch 0/1] step 3850/23862 (3.3 it/s)
[Epoch 0/1] step 3900/23862 (3.3 it/s)
[Epoch 0/1] step 3950/23862 (3.3 it/s)
[Epoch 0/1] step 4000/23862 (3.3 it/s)
[Epoch 0/1] step 4050/23862 (3.3 it/s)
[Epoch 0/1] step 4100/23862 (3.3 it/s)
[Epoch 0/1] step 4150/23862 (3.3 it/s)
[Epoch 0/1] step 4200/23862 (3.3 it/s)
[Epoch 0/1] step 4250/23862 (3.3 it/s)
[Epoch 0/1] step 4300/23862 (3.3 it/s)
[Epoch 0/1] step 4350/23862 (3.3 it/s)
[Epoch 0/1] step 4400/23862 (3.3 it/s)
[Epoch 0/1] step 4450/23862 (3.3 it/s)
[Epoch 0/1] step 4500/23862 (3.3 it/s)
[Epoch 0/1] step 4550/23862 (3.3 it/s)
[Epoch 0/1] step 4600/23862 (3.3 it/s)
[Epoch 0/1] step 4650/23862 (3.3 it/s)
[Epoch 0/1] step 4700/23862 (3.3 it/s)
[Epoch 0/1] step 4750/23862 (3.3 it/s)
[Epoch 0/1] step 4800/23862 (3.3 it/s)
[Epoch 0/1] step 4850/23862 (3.3 it/s)
[Epoch 0/1] step 4900/23862 (3.3 it/s)
[Epoch 0/1] step 4950/23862 (3.3 it/s)
[Epoch 0/1] step 5000/23862 (3.3 it/s)
[Epoch 0/1] step 5050/23862 (3.3 it/s)
[Epoch 0/1] step 5100/23862 (3.3 it/s)
[Epoch 0/1] step 5150/23862 (3.3 it/s)
[Epoch 0/1] step 5200/23862 (3.3 it/s)
[Epoch 0/1] step 5250/23862 (3.3 it/s)
[Epoch 0/1] step 5300/23862 (3.3 it/s)
[Epoch 0/1] step 5350/23862 (3.3 it/s)
[Epoch 0/1] step 5400/23862 (3.3 it/s)
[Epoch 0/1] step 5450/23862 (3.3 it/s)
[Epoch 0/1] step 5500/23862 (3.3 it/s)
[Epoch 0/1] step 5550/23862 (3.3 it/s)
[Epoch 0/1] step 5600/23862 (3.3 it/s)
[Epoch 0/1] step 5650/23862 (3.3 it/s)
[Epoch 0/1] step 5700/23862 (3.3 it/s)
[Epoch 0/1] step 5750/23862 (3.3 it/s)
[Epoch 0/1] step 5800/23862 (3.3 it/s)
[Epoch 0/1] step 5850/23862 (3.3 it/s)
[Epoch 0/1] step 5900/23862 (3.3 it/s)
[Epoch 0/1] step 5950/23862 (3.3 it/s)
[Epoch 0/1] step 6000/23862 (3.3 it/s)
[Epoch 0/1] step 6050/23862 (3.3 it/s)
[Epoch 0/1] step 6100/23862 (3.3 it/s)
[Epoch 0/1] step 6150/23862 (3.3 it/s)
[Epoch 0/1] step 6200/23862 (3.3 it/s)
[Epoch 0/1] step 6250/23862 (3.3 it/s)
[Epoch 0/1] step 6300/23862 (3.3 it/s)
[Epoch 0/1] step 6350/23862 (3.3 it/s)
[Epoch 0/1] step 6400/23862 (3.3 it/s)
[Epoch 0/1] step 6450/23862 (3.3 it/s)
[Epoch 0/1] step 6500/23862 (3.3 it/s)
[Epoch 0/1] step 6550/23862 (3.3 it/s)
[Epoch 0/1] step 6600/23862 (3.3 it/s)
[Epoch 0/1] step 6650/23862 (3.3 it/s)
[Epoch 0/1] step 6700/23862 (3.3 it/s)
[Epoch 0/1] step 6750/23862 (3.3 it/s)
[Epoch 0/1] step 6800/23862 (3.3 it/s)
[Epoch 0/1] step 6850/23862 (3.3 it/s)
[Epoch 0/1] step 6900/23862 (3.3 it/s)
[Epoch 0/1] step 6950/23862 (3.3 it/s)
[Epoch 0/1] step 7000/23862 (3.3 it/s)
[Epoch 0/1] step 7050/23862 (3.3 it/s)
[Epoch 0/1] step 7100/23862 (3.3 it/s)
[Epoch 0/1] step 7150/23862 (3.3 it/s)
[Epoch 0/1] step 7200/23862 (3.3 it/s)
[Epoch 0/1] step 7250/23862 (3.3 it/s)
[rank: 0] Received SIGTERM: 15
17:34:05 | ERROR | contextlib.~| 
================================================================================
💥 EXCEPTION CAUGHT
================================================================================
Type: RuntimeError
Message: DataLoader worker (pid 163092) is killed by signal: Terminated. 
================================================================================
TRACEBACK:
Traceback (most recent call last):
  File "/workspace/lejepa-MLProject/stable-pretraining/stable_pretraining/utils/error_handling.py", line 36, in catch_errors
    yield
  File "/workspace/lejepa-MLProject/stable-pretraining/stable_pretraining/utils/error_handling.py", line 98, in wrapper
    return func(*args, **kwargs)
           ^^^^^^^^^^^^^^^^^^^^^
  File "/workspace/lejepa-MLProject/stable-pretraining/stable_pretraining/module.py", line 284, in training_step
    _spt_log(f"hparams/lr_{name}", lr, on_step=True, on_epoch=False)
  File "/workspace/lejepa-MLProject/stable-pretraining/stable_pretraining/callbacks/registry.py", line 70, in log
    module.log(name, value, **kwargs)
  File "/workspace/jepa/lib/python3.11/site-packages/lightning/pytorch/core/module.py", line 485, in log
    value = apply_to_collection(value, (Tensor, numbers.Number), self.__to_tensor, name)
            ^^^^^^^^^^^^^^^^^^^^^^^^^^^^^^^^^^^^^^^^^^^^^^^^^^^^^^^^^^^^^^^^^^^^^^^^^^^^
  File "/workspace/jepa/lib/python3.11/site-packages/lightning_utilities/core/apply_func.py", line 70, in apply_to_collection
    return function(data, *args, **kwargs)
           ^^^^^^^^^^^^^^^^^^^^^^^^^^^^^^^
  File "/workspace/jepa/lib/python3.11/site-packages/lightning/pytorch/core/module.py", line 662, in __to_tensor
    else torch.tensor(value, device=self.device, dtype=_get_default_dtype())
         ^^^^^^^^^^^^^^^^^^^^^^^^^^^^^^^^^^^^^^^^^^^^^^^^^^^^^^^^^^^^^^^^^^^
  File "/workspace/jepa/lib/python3.11/site-packages/torch/utils/data/_utils/signal_handling.py", line 73, in handler
    _error_if_any_worker_fails()
RuntimeError: DataLoader worker (pid 163092) is killed by signal: Terminated. 
================================================================================


================================================================================
💥 EXCEPTION CAUGHT
================================================================================
Type: RuntimeError
Message: DataLoader worker (pid 163092) is killed by signal: Terminated. 
================================================================================
TRACEBACK:
Traceback (most recent call last):
  File "/workspace/lejepa-MLProject/stable-pretraining/stable_pretraining/utils/error_handling.py", line 36, in catch_errors
    yield
  File "/workspace/lejepa-MLProject/stable-pretraining/stable_pretraining/utils/error_handling.py", line 98, in wrapper
    return func(*args, **kwargs)
           ^^^^^^^^^^^^^^^^^^^^^
  File "/workspace/lejepa-MLProject/stable-pretraining/stable_pretraining/module.py", line 284, in training_step
    _spt_log(f"hparams/lr_{name}", lr, on_step=True, on_epoch=False)
  File "/workspace/lejepa-MLProject/stable-pretraining/stable_pretraining/callbacks/registry.py", line 70, in log
    module.log(name, value, **kwargs)
  File "/workspace/jepa/lib/python3.11/site-packages/lightning/pytorch/core/module.py", line 485, in log
    value = apply_to_collection(value, (Tensor, numbers.Number), self.__to_tensor, name)
            ^^^^^^^^^^^^^^^^^^^^^^^^^^^^^^^^^^^^^^^^^^^^^^^^^^^^^^^^^^^^^^^^^^^^^^^^^^^^
  File "/workspace/jepa/lib/python3.11/site-packages/lightning_utilities/core/apply_func.py", line 70, in apply_to_collection
    return function(data, *args, **kwargs)
           ^^^^^^^^^^^^^^^^^^^^^^^^^^^^^^^
  File "/workspace/jepa/lib/python3.11/site-packages/lightning/pytorch/core/module.py", line 662, in __to_tensor
    else torch.tensor(value, device=self.device, dtype=_get_default_dtype())
         ^^^^^^^^^^^^^^^^^^^^^^^^^^^^^^^^^^^^^^^^^^^^^^^^^^^^^^^^^^^^^^^^^^^
  File "/workspace/jepa/lib/python3.11/site-packages/torch/utils/data/_utils/signal_handling.py", line 73, in handler
    _error_if_any_worker_fails()
RuntimeError: DataLoader worker (pid 163092) is killed by signal: Terminated. 
================================================================================


================================================================================
💥 EXCEPTION CAUGHT
================================================================================
Type: RuntimeError
Message: DataLoader worker (pid 163092) is killed by signal: Terminated. 
================================================================================
TRACEBACK:
Traceback (most recent call last):
  File "/workspace/lejepa-MLProject/stable-pretraining/stable_pretraining/utils/error_handling.py", line 36, in catch_errors
    yield
  File "/workspace/lejepa-MLProject/stable-pretraining/stable_pretraining/utils/error_handling.py", line 98, in wrapper
    return func(*args, **kwargs)
           ^^^^^^^^^^^^^^^^^^^^^
  File "/workspace/lejepa-MLProject/stable-pretraining/stable_pretraining/module.py", line 284, in training_step
    _spt_log(f"hparams/lr_{name}", lr, on_step=True, on_epoch=False)
  File "/workspace/lejepa-MLProject/stable-pretraining/stable_pretraining/callbacks/registry.py", line 70, in log
    module.log(name, value, **kwargs)
  File "/workspace/jepa/lib/python3.11/site-packages/lightning/pytorch/core/module.py", line 485, in log
    value = apply_to_collection(value, (Tensor, numbers.Number), self.__to_tensor, name)
            ^^^^^^^^^^^^^^^^^^^^^^^^^^^^^^^^^^^^^^^^^^^^^^^^^^^^^^^^^^^^^^^^^^^^^^^^^^^^
  File "/workspace/jepa/lib/python3.11/site-packages/lightning_utilities/core/apply_func.py", line 70, in apply_to_collection
    return function(data, *args, **kwargs)
           ^^^^^^^^^^^^^^^^^^^^^^^^^^^^^^^
  File "/workspace/jepa/lib/python3.11/site-packages/lightning/pytorch/core/module.py", line 662, in __to_tensor
    else torch.tensor(value, device=self.device, dtype=_get_default_dtype())
         ^^^^^^^^^^^^^^^^^^^^^^^^^^^^^^^^^^^^^^^^^^^^^^^^^^^^^^^^^^^^^^^^^^^
  File "/workspace/jepa/lib/python3.11/site-packages/torch/utils/data/_utils/signal_handling.py", line 73, in handler
    _error_if_any_worker_fails()
RuntimeError: DataLoader worker (pid 163092) is killed by signal: Terminated. 
================================================================================

Epoch 0/0  ━━━━━              7280/23862 0:36:54 • 1:21:38 3.39it/s v_num: 8.000
17:34:06 | ERROR | richuru.py  | Exception:
Traceback (most recent call last):

> File "/workspace/lejepa-MLProject/train_eval_vit_l.py", line 814, in <module>
    main(
    └ <function main at 0x776a9a56fba0>

  File "/workspace/lejepa-MLProject/train_eval_vit_l.py", line 780, in main
    ckpt = run_pretraining()
           └ <function run_pretraining at 0x776a9a56f6a0>

  File "/workspace/lejepa-MLProject/train_eval_vit_l.py", line 567, in run_pretraining
    manager()
    └ <stable_pretraining.manager.Manager object at 0x776a9b11fc50>

  File "/workspace/lejepa-MLProject/stable-pretraining/stable_pretraining/manager.py", line 281, in __call__
    self._trainer.fit(
    │    │        └ <function Trainer.fit at 0x776a9d9fa840>
    │    └ <lightning.pytorch.trainer.trainer.Trainer object at 0x776a88b92e90>
    └ <stable_pretraining.manager.Manager object at 0x776a9b11fc50>

  File "/workspace/jepa/lib/python3.11/site-packages/lightning/pytorch/trainer/trainer.py", line 584, in fit
    call._call_and_handle_interrupt(
    │    └ <function _call_and_handle_interrupt at 0x776ab98e7a60>
    └ <module 'lightning.pytorch.trainer.call' from '/workspace/jepa/lib/python3.11/site-packages/lightning/pytorch/trainer/call.py'>
  File "/workspace/jepa/lib/python3.11/site-packages/lightning/pytorch/trainer/call.py", line 49, in _call_and_handle_interrupt
    return trainer_fn(*args, **kwargs)
           │           │       └ {}
           │           └ (Module(
           │               (callbacks_modules): ModuleDict(
           │                 (ordered_queue_embedding): OrderedQueue()
           │                 (inet_probe): Linear(in_feature...
           └ <bound method Trainer._fit_impl of <lightning.pytorch.trainer.trainer.Trainer object at 0x776a88b92e90>>
  File "/workspace/jepa/lib/python3.11/site-packages/lightning/pytorch/trainer/trainer.py", line 630, in _fit_impl
    self._run(model, ckpt_path=ckpt_path, weights_only=weights_only)
    │    │    │                │                       └ False
    │    │    │                └ None
    │    │    └ Module(
    │    │        (callbacks_modules): ModuleDict(
    │    │          (ordered_queue_embedding): OrderedQueue()
    │    │          (inet_probe): Linear(in_features...
    │    └ <function Trainer._run at 0x776a9d9fb1a0>
    └ <lightning.pytorch.trainer.trainer.Trainer object at 0x776a88b92e90>
  File "/workspace/jepa/lib/python3.11/site-packages/lightning/pytorch/trainer/trainer.py", line 1079, in _run
    results = self._run_stage()
              │    └ <function Trainer._run_stage at 0x776a9d9fb2e0>
              └ <lightning.pytorch.trainer.trainer.Trainer object at 0x776a88b92e90>
  File "/workspace/jepa/lib/python3.11/site-packages/lightning/pytorch/trainer/trainer.py", line 1123, in _run_stage
    self.fit_loop.run()
    │    │        └ <function _FitLoop.run at 0x776a9dbbcd60>
    │    └ <lightning.pytorch.loops.fit_loop._FitLoop object at 0x776a9aca4710>
    └ <lightning.pytorch.trainer.trainer.Trainer object at 0x776a88b92e90>
  File "/workspace/jepa/lib/python3.11/site-packages/lightning/pytorch/loops/fit_loop.py", line 217, in run
    self.advance()
    │    └ <function _FitLoop.advance at 0x776a9dbbd440>
    └ <lightning.pytorch.loops.fit_loop._FitLoop object at 0x776a9aca4710>
  File "/workspace/jepa/lib/python3.11/site-packages/lightning/pytorch/loops/fit_loop.py", line 465, in advance
    self.epoch_loop.run(self._data_fetcher)
    │    │          │   │    └ None
    │    │          │   └ <lightning.pytorch.loops.fit_loop._FitLoop object at 0x776a9aca4710>
    │    │          └ <function _TrainingEpochLoop.run at 0x776a9db97380>
    │    └ <lightning.pytorch.loops.training_epoch_loop._TrainingEpochLoop object at 0x776a88b9ee50>
    └ <lightning.pytorch.loops.fit_loop._FitLoop object at 0x776a9aca4710>
  File "/workspace/jepa/lib/python3.11/site-packages/lightning/pytorch/loops/training_epoch_loop.py", line 153, in run
    self.advance(data_fetcher)
    │    │       └ <lightning.pytorch.loops.fetchers._PrefetchDataFetcher object at 0x776a88a3af50>
    │    └ <function _TrainingEpochLoop.advance at 0x776a9db979c0>
    └ <lightning.pytorch.loops.training_epoch_loop._TrainingEpochLoop object at 0x776a88b9ee50>
  File "/workspace/jepa/lib/python3.11/site-packages/lightning/pytorch/loops/training_epoch_loop.py", line 354, in advance
    batch_output = self.manual_optimization.run(kwargs)
                   │    │                   │   └ OrderedDict([('batch', {'global_0': {'image': tensor([[[[ 0.2624,  0.0569, -0.3712,  ..., -0.3198, -0.3541, -0.3883],
                   │    │                   │            ...
                   │    │                   └ <function _ManualOptimization.run at 0x776a9db96a20>
                   │    └ <lightning.pytorch.loops.optimization.manual._ManualOptimization object at 0x776a88b9f5d0>
                   └ <lightning.pytorch.loops.training_epoch_loop._TrainingEpochLoop object at 0x776a88b9ee50>
  File "/workspace/jepa/lib/python3.11/site-packages/lightning/pytorch/loops/optimization/manual.py", line 95, in run
    self.advance(kwargs)
    │    │       └ OrderedDict([('batch', {'global_0': {'image': tensor([[[[ 0.2624,  0.0569, -0.3712,  ..., -0.3198, -0.3541, -0.3883],
    │    │                ...
    │    └ <function _ManualOptimization.advance at 0x776a9db96ca0>
    └ <lightning.pytorch.loops.optimization.manual._ManualOptimization object at 0x776a88b9f5d0>
  File "/workspace/jepa/lib/python3.11/site-packages/lightning/pytorch/loops/optimization/manual.py", line 115, in advance
    training_step_output = call._call_strategy_hook(trainer, "training_step", *kwargs.values())
                           │    │                   │                          │      └ <method 'values' of 'collections.OrderedDict' objects>
                           │    │                   │                          └ OrderedDict([('batch', {'global_0': {'image': tensor([[[[ 0.2624,  0.0569, -0.3712,  ..., -0.3198, -0.3541, -0.3883],
                           │    │                   │                                   ...
                           │    │                   └ <lightning.pytorch.trainer.trainer.Trainer object at 0x776a88b92e90>
                           │    └ <function _call_strategy_hook at 0x776ab9916ca0>
                           └ <module 'lightning.pytorch.trainer.call' from '/workspace/jepa/lib/python3.11/site-packages/lightning/pytorch/trainer/call.py'>
  File "/workspace/jepa/lib/python3.11/site-packages/lightning/pytorch/trainer/call.py", line 329, in _call_strategy_hook
    output = fn(*args, **kwargs)
             │   │       └ {}
             │   └ ({'global_0': {'image': tensor([[[[ 0.2624,  0.0569, -0.3712,  ..., -0.3198, -0.3541, -0.3883],
             │               [ 0.2453,  0.0398, ...
             └ <bound method Strategy.training_step of <lightning.pytorch.strategies.single_device.SingleDeviceStrategy object at 0x776a9aa5...
  File "/workspace/jepa/lib/python3.11/site-packages/lightning/pytorch/strategies/strategy.py", line 391, in training_step
    return self.lightning_module.training_step(*args, **kwargs)
           │    │                               │       └ {}
           │    │                               └ ({'global_0': {'image': tensor([[[[ 0.2624,  0.0569, -0.3712,  ..., -0.3198, -0.3541, -0.3883],
           │    │                                           [ 0.2453,  0.0398, ...
           │    └ <property object at 0x776a9db215d0>
           └ <lightning.pytorch.strategies.single_device.SingleDeviceStrategy object at 0x776a9aa5d750>

  File "/workspace/lejepa-MLProject/stable-pretraining/stable_pretraining/utils/error_handling.py", line 98, in wrapper
    return func(*args, **kwargs)
           │     │       └ {}
           │     └ (Module(
           │         (callbacks_modules): ModuleDict(
           │           (ordered_queue_embedding): OrderedQueue()
           │           (inet_probe): Linear(in_feature...
           └ <function Module.training_step at 0x776a9a6c1580>

  File "/workspace/lejepa-MLProject/stable-pretraining/stable_pretraining/module.py", line 284, in training_step
    _spt_log(f"hparams/lr_{name}", lr, on_step=True, on_epoch=False)
    │                              └ 0.00040142154762311244
    └ <function log at 0x776a9a648400>

  File "/workspace/lejepa-MLProject/stable-pretraining/stable_pretraining/callbacks/registry.py", line 70, in log
    module.log(name, value, **kwargs)
    │      │   │     │        └ {'on_step': True, 'on_epoch': False}
    │      │   │     └ 0.00040142154762311244
    │      │   └ 'hparams/lr_default_0'
    │      └ <function LightningModule.log at 0x776a9da0b6a0>
    └ Module(
        (callbacks_modules): ModuleDict(
          (ordered_queue_embedding): OrderedQueue()
          (inet_probe): Linear(in_features...

  File "/workspace/jepa/lib/python3.11/site-packages/lightning/pytorch/core/module.py", line 485, in log
    value = apply_to_collection(value, (Tensor, numbers.Number), self.__to_tensor, name)
            │                   │       │       │       │        │                 └ 'hparams/lr_default_0'
            │                   │       │       │       │        └ Module(
            │                   │       │       │       │            (callbacks_modules): ModuleDict(
            │                   │       │       │       │              (ordered_queue_embedding): OrderedQueue()
            │                   │       │       │       │              (inet_probe): Linear(in_features...
            │                   │       │       │       └ <class 'numbers.Number'>
            │                   │       │       └ <module 'numbers' from '/usr/lib/python3.11/numbers.py'>
            │                   │       └ <class 'torch.Tensor'>
            │                   └ 0.00040142154762311244
            └ <function apply_to_collection at 0x776d1bda5f80>
  File "/workspace/jepa/lib/python3.11/site-packages/lightning_utilities/core/apply_func.py", line 70, in apply_to_collection
    return function(data, *args, **kwargs)
           │        │      │       └ {}
           │        │      └ ('hparams/lr_default_0',)
           │        └ 0.00040142154762311244
           └ <bound method LightningModule.__to_tensor of Module(
               (callbacks_modules): ModuleDict(
                 (ordered_queue_embedding): Ordere...
  File "/workspace/jepa/lib/python3.11/site-packages/lightning/pytorch/core/module.py", line 662, in __to_tensor
    else torch.tensor(value, device=self.device, dtype=_get_default_dtype())
         │     │      │             │    │             └ <function _get_default_dtype at 0x776a9db5fe20>
         │     │      │             │    └ <property object at 0x776ab9ad9300>
         │     │      │             └ Module(
         │     │      │                 (callbacks_modules): ModuleDict(
         │     │      │                   (ordered_queue_embedding): OrderedQueue()
         │     │      │                   (inet_probe): Linear(in_features...
         │     │      └ 0.00040142154762311244
         │     └ <built-in method tensor of type object at 0x776c51ee9fa0>
         └ <module 'torch' from '/workspace/jepa/lib/python3.11/site-packages/torch/__init__.py'>
  File "/workspace/jepa/lib/python3.11/site-packages/torch/utils/data/_utils/signal_handling.py", line 73, in handler
    _error_if_any_worker_fails()
    └ <built-in function _error_if_any_worker_fails>

RuntimeError: DataLoader worker (pid 163092) is killed by signal: Terminated. 
